#
# There is insufficient memory for the Java Runtime Environment to continue.
# Native memory allocation (malloc) failed to allocate 32744 bytes for ChunkPool::allocate
# Possible reasons:
#   The system is out of physical RAM or swap space
#   The process is running with CompressedOops enabled, and the Java Heap may be blocking the growth of the native heap
# Possible solutions:
#   Reduce memory load on the system
#   Increase physical memory or swap space
#   Check if swap backing store is full
#   Decrease Java heap size (-Xmx/-Xms)
#   Decrease number of Java threads
#   Decrease Java thread stack sizes (-Xss)
#   Set larger code cache with -XX:ReservedCodeCacheSize=
#   JVM is running with Unscaled Compressed Oops mode in which the Java heap is
#     placed in the first 4GB address space. The Java Heap base address is the
#     maximum limit for the native heap growth. Please use -XX:HeapBaseMinAddress
#     to set the Java Heap base and to place the Java Heap above 4GB virtual address.
# This output file may be truncated or incomplete.
#
#  Out of Memory Error (arena.cpp:79), pid=19432, tid=1764
#
# JRE version: OpenJDK Runtime Environment Temurin-17.0.9+9 (17.0.9+9) (build 17.0.9+9)
# Java VM: OpenJDK 64-Bit Server VM Temurin-17.0.9+9 (17.0.9+9, mixed mode, tiered, compressed oops, compressed class ptrs, g1 gc, windows-amd64)
# No core dump will be written. Minidumps are not enabled by default on client versions of Windows
#

---------------  S U M M A R Y ------------

Command Line: -Dfile.encoding=UTF-8 -Dstdout.encoding=UTF-8 -Dstderr.encoding=UTF-8 --module-path=C:\Users\Alex(admin haha)\final-project\finalProject\bin -XX:+ShowCodeDetailsInExceptionMessages -Djdk.module.main=finalProject finalProject/finalProject.Game

Host: Intel(R) Core(TM) i5-4570 CPU @ 3.20GHz, 4 cores, 7G,  Windows 10 , 64 bit Build 19041 (10.0.19041.3031)
Time: Sun Nov 26 01:34:24 2023 Mountain Standard Time elapsed time: 1470.323127 seconds (0d 0h 24m 30s)

---------------  T H R E A D  ---------------

Current thread (0x0000027665344a80):  JavaThread "C2 CompilerThread0" daemon [_thread_in_native, id=1764, stack(0x000000fc8b700000,0x000000fc8b800000)]


Current CompileTask:
C2:1470323 1011       4       java.util.Arrays::binarySearch0 (95 bytes)

Stack: [0x000000fc8b700000,0x000000fc8b800000]
Native frames: (J=compiled Java code, j=interpreted, Vv=VM code, C=native code)
V  [jvm.dll+0x67cf49]
V  [jvm.dll+0x83478a]
V  [jvm.dll+0x83624e]
V  [jvm.dll+0x8368b3]
V  [jvm.dll+0x247f1f]
V  [jvm.dll+0xac65c]
V  [jvm.dll+0xaca8c]
V  [jvm.dll+0x2a4b06]
V  [jvm.dll+0x2a48c4]
V  [jvm.dll+0x7f7c90]
V  [jvm.dll+0x7f61ac]
V  [jvm.dll+0x7f5bea]
V  [jvm.dll+0x34d4d3]
V  [jvm.dll+0x34872e]
V  [jvm.dll+0x34404d]
V  [jvm.dll+0x699200]
V  [jvm.dll+0x6953b2]
V  [jvm.dll+0x68d36b]
V  [jvm.dll+0x68c9a7]
V  [jvm.dll+0x68a892]
V  [jvm.dll+0x1a8a2c]
V  [jvm.dll+0x1a95f6]
V  [jvm.dll+0x1a95f6]
V  [jvm.dll+0x2ae674]
V  [jvm.dll+0x6953a5]
V  [jvm.dll+0x68d36b]
V  [jvm.dll+0x68c9a7]
V  [jvm.dll+0x68a892]
V  [jvm.dll+0x1a8a2c]
V  [jvm.dll+0x219588]
V  [jvm.dll+0x1a57cd]
V  [jvm.dll+0x2297ae]
V  [jvm.dll+0x22797c]
V  [jvm.dll+0x7e9877]
V  [jvm.dll+0x7e3c3a]
V  [jvm.dll+0x67be35]
C  [ucrtbase.dll+0x21bb2]
C  [KERNEL32.DLL+0x17614]
C  [ntdll.dll+0x526f1]


---------------  P R O C E S S  ---------------

Threads class SMR info:
_java_thread_list=0x000002766a116ed0, length=17, elements={
0x00000276653633e0, 0x00000276652fdf70, 0x000002766530aa60, 0x000002766533ff90,
0x0000027665342870, 0x0000027665343140, 0x0000027665344a80, 0x0000027665345390,
0x00000276653458b0, 0x000002766546dff0, 0x00000276655c6590, 0x0000027665644060,
0x0000027665644540, 0x0000027665644a20, 0x000002766a19cf50, 0x000002766a229f30,
0x000002766a22c7b0
}

Java Threads: ( => current thread )
  0x00000276653633e0 JavaThread "Reference Handler" daemon [_thread_blocked, id=12828, stack(0x000000fc8b100000,0x000000fc8b200000)]
  0x00000276652fdf70 JavaThread "Finalizer" daemon [_thread_blocked, id=29344, stack(0x000000fc8b200000,0x000000fc8b300000)]
  0x000002766530aa60 JavaThread "Signal Dispatcher" daemon [_thread_blocked, id=10876, stack(0x000000fc8b300000,0x000000fc8b400000)]
  0x000002766533ff90 JavaThread "Attach Listener" daemon [_thread_blocked, id=29096, stack(0x000000fc8b400000,0x000000fc8b500000)]
  0x0000027665342870 JavaThread "Service Thread" daemon [_thread_blocked, id=1832, stack(0x000000fc8b500000,0x000000fc8b600000)]
  0x0000027665343140 JavaThread "Monitor Deflation Thread" daemon [_thread_blocked, id=13576, stack(0x000000fc8b600000,0x000000fc8b700000)]
=>0x0000027665344a80 JavaThread "C2 CompilerThread0" daemon [_thread_in_native, id=1764, stack(0x000000fc8b700000,0x000000fc8b800000)]
  0x0000027665345390 JavaThread "C1 CompilerThread0" daemon [_thread_blocked, id=28996, stack(0x000000fc8b800000,0x000000fc8b900000)]
  0x00000276653458b0 JavaThread "Sweeper thread" daemon [_thread_blocked, id=696, stack(0x000000fc8b900000,0x000000fc8ba00000)]
  0x000002766546dff0 JavaThread "Common-Cleaner" daemon [_thread_blocked, id=22944, stack(0x000000fc8ba00000,0x000000fc8bb00000)]
  0x00000276655c6590 JavaThread "Notification Thread" daemon [_thread_blocked, id=29128, stack(0x000000fc8bb00000,0x000000fc8bc00000)]
  0x0000027665644060 JavaThread "Java2D Disposer" daemon [_thread_blocked, id=20620, stack(0x000000fc8be00000,0x000000fc8bf00000)]
  0x0000027665644540 JavaThread "AWT-Shutdown" [_thread_blocked, id=27128, stack(0x000000fc8bf00000,0x000000fc8c000000)]
  0x0000027665644a20 JavaThread "AWT-Windows" daemon [_thread_in_native, id=29520, stack(0x000000fc8c000000,0x000000fc8c100000)]
  0x000002766a19cf50 JavaThread "AWT-EventQueue-0" [_thread_blocked, id=5824, stack(0x000000fc8c100000,0x000000fc8c200000)]
  0x000002766a229f30 JavaThread "DestroyJavaVM" [_thread_blocked, id=27572, stack(0x000000fc8aa00000,0x000000fc8ab00000)]
  0x000002766a22c7b0 JavaThread "TimerQueue" daemon [_thread_blocked, id=14832, stack(0x000000fc8c500000,0x000000fc8c600000)]

Other Threads:
  0x00000276653293f0 VMThread "VM Thread" [stack: 0x000000fc8b000000,0x000000fc8b100000] [id=20440]
  0x00000276655c6a70 WatcherThread [stack: 0x000000fc8bc00000,0x000000fc8bd00000] [id=16668]
  0x000002764bc2f4c0 GCTaskThread "GC Thread#0" [stack: 0x000000fc8ab00000,0x000000fc8ac00000] [id=29380]
  0x000002764bc41810 ConcurrentGCThread "G1 Main Marker" [stack: 0x000000fc8ac00000,0x000000fc8ad00000] [id=29080]
  0x000002764bc42140 ConcurrentGCThread "G1 Conc#0" [stack: 0x000000fc8ad00000,0x000000fc8ae00000] [id=26960]
  0x000002764bc986a0 ConcurrentGCThread "G1 Refine#0" [stack: 0x000000fc8ae00000,0x000000fc8af00000] [id=3900]
  0x0000027665170200 ConcurrentGCThread "G1 Service" [stack: 0x000000fc8af00000,0x000000fc8b000000] [id=19876]

Threads with active compile tasks:
C2 CompilerThread0  1470362 1011       4       java.util.Arrays::binarySearch0 (95 bytes)

VM state: not at safepoint (normal execution)

VM Mutex/Monitor currently owned by a thread: None

Heap address: 0x0000000081600000, size: 2026 MB, Compressed Oops mode: 32-bit

CDS archive(s) not mapped
Compressed class space mapped at: 0x0000000100000000-0x0000000140000000, reserved size: 1073741824
Narrow klass base: 0x0000000000000000, Narrow klass shift: 3, Narrow klass range: 0x140000000

GC Precious Log:
 CPUs: 4 total, 4 available
 Memory: 8103M
 Large Page Support: Disabled
 NUMA Support: Disabled
 Compressed Oops: Enabled (32-bit)
 Heap Region Size: 1M
 Heap Min Capacity: 8M
 Heap Initial Capacity: 128M
 Heap Max Capacity: 2026M
 Pre-touch: Disabled
 Parallel Workers: 4
 Concurrent Workers: 1
 Concurrent Refinement Workers: 4
 Periodic GC: Disabled

Heap:
 garbage-first heap   total 131072K, used 8192K [0x0000000081600000, 0x0000000100000000)
  region size 1024K, 7 young (7168K), 0 survivors (0K)
 Metaspace       used 14687K, committed 14848K, reserved 1114112K
  class space    used 1472K, committed 1536K, reserved 1048576K

Heap Regions: E=young(eden), S=young(survivor), O=old, HS=humongous(starts), HC=humongous(continues), CS=collection set, F=free, OA=open archive, CA=closed archive, TAMS=top-at-mark-start (previous, next)
|   0|0x0000000081600000, 0x0000000081700000, 0x0000000081700000|100%|HS|  |TAMS 0x0000000081600000, 0x0000000081600000| Complete 
|   1|0x0000000081700000, 0x0000000081800000, 0x0000000081800000|100%|HC|  |TAMS 0x0000000081700000, 0x0000000081700000| Complete 
|   2|0x0000000081800000, 0x0000000081800000, 0x0000000081900000|  0%| F|  |TAMS 0x0000000081800000, 0x0000000081800000| Untracked 
|   3|0x0000000081900000, 0x0000000081900000, 0x0000000081a00000|  0%| F|  |TAMS 0x0000000081900000, 0x0000000081900000| Untracked 
|   4|0x0000000081a00000, 0x0000000081a00000, 0x0000000081b00000|  0%| F|  |TAMS 0x0000000081a00000, 0x0000000081a00000| Untracked 
|   5|0x0000000081b00000, 0x0000000081b00000, 0x0000000081c00000|  0%| F|  |TAMS 0x0000000081b00000, 0x0000000081b00000| Untracked 
|   6|0x0000000081c00000, 0x0000000081c00000, 0x0000000081d00000|  0%| F|  |TAMS 0x0000000081c00000, 0x0000000081c00000| Untracked 
|   7|0x0000000081d00000, 0x0000000081d00000, 0x0000000081e00000|  0%| F|  |TAMS 0x0000000081d00000, 0x0000000081d00000| Untracked 
|   8|0x0000000081e00000, 0x0000000081e00000, 0x0000000081f00000|  0%| F|  |TAMS 0x0000000081e00000, 0x0000000081e00000| Untracked 
|   9|0x0000000081f00000, 0x0000000081f00000, 0x0000000082000000|  0%| F|  |TAMS 0x0000000081f00000, 0x0000000081f00000| Untracked 
|  10|0x0000000082000000, 0x0000000082000000, 0x0000000082100000|  0%| F|  |TAMS 0x0000000082000000, 0x0000000082000000| Untracked 
|  11|0x0000000082100000, 0x0000000082100000, 0x0000000082200000|  0%| F|  |TAMS 0x0000000082100000, 0x0000000082100000| Untracked 
|  12|0x0000000082200000, 0x0000000082200000, 0x0000000082300000|  0%| F|  |TAMS 0x0000000082200000, 0x0000000082200000| Untracked 
|  13|0x0000000082300000, 0x0000000082300000, 0x0000000082400000|  0%| F|  |TAMS 0x0000000082300000, 0x0000000082300000| Untracked 
|  14|0x0000000082400000, 0x0000000082400000, 0x0000000082500000|  0%| F|  |TAMS 0x0000000082400000, 0x0000000082400000| Untracked 
|  15|0x0000000082500000, 0x0000000082500000, 0x0000000082600000|  0%| F|  |TAMS 0x0000000082500000, 0x0000000082500000| Untracked 
|  16|0x0000000082600000, 0x0000000082600000, 0x0000000082700000|  0%| F|  |TAMS 0x0000000082600000, 0x0000000082600000| Untracked 
|  17|0x0000000082700000, 0x0000000082700000, 0x0000000082800000|  0%| F|  |TAMS 0x0000000082700000, 0x0000000082700000| Untracked 
|  18|0x0000000082800000, 0x0000000082800000, 0x0000000082900000|  0%| F|  |TAMS 0x0000000082800000, 0x0000000082800000| Untracked 
|  19|0x0000000082900000, 0x0000000082900000, 0x0000000082a00000|  0%| F|  |TAMS 0x0000000082900000, 0x0000000082900000| Untracked 
|  20|0x0000000082a00000, 0x0000000082a00000, 0x0000000082b00000|  0%| F|  |TAMS 0x0000000082a00000, 0x0000000082a00000| Untracked 
|  21|0x0000000082b00000, 0x0000000082b00000, 0x0000000082c00000|  0%| F|  |TAMS 0x0000000082b00000, 0x0000000082b00000| Untracked 
|  22|0x0000000082c00000, 0x0000000082c00000, 0x0000000082d00000|  0%| F|  |TAMS 0x0000000082c00000, 0x0000000082c00000| Untracked 
|  23|0x0000000082d00000, 0x0000000082d00000, 0x0000000082e00000|  0%| F|  |TAMS 0x0000000082d00000, 0x0000000082d00000| Untracked 
|  24|0x0000000082e00000, 0x0000000082e00000, 0x0000000082f00000|  0%| F|  |TAMS 0x0000000082e00000, 0x0000000082e00000| Untracked 
|  25|0x0000000082f00000, 0x0000000082f00000, 0x0000000083000000|  0%| F|  |TAMS 0x0000000082f00000, 0x0000000082f00000| Untracked 
|  26|0x0000000083000000, 0x0000000083000000, 0x0000000083100000|  0%| F|  |TAMS 0x0000000083000000, 0x0000000083000000| Untracked 
|  27|0x0000000083100000, 0x0000000083100000, 0x0000000083200000|  0%| F|  |TAMS 0x0000000083100000, 0x0000000083100000| Untracked 
|  28|0x0000000083200000, 0x0000000083200000, 0x0000000083300000|  0%| F|  |TAMS 0x0000000083200000, 0x0000000083200000| Untracked 
|  29|0x0000000083300000, 0x0000000083300000, 0x0000000083400000|  0%| F|  |TAMS 0x0000000083300000, 0x0000000083300000| Untracked 
|  30|0x0000000083400000, 0x0000000083400000, 0x0000000083500000|  0%| F|  |TAMS 0x0000000083400000, 0x0000000083400000| Untracked 
|  31|0x0000000083500000, 0x0000000083500000, 0x0000000083600000|  0%| F|  |TAMS 0x0000000083500000, 0x0000000083500000| Untracked 
|  32|0x0000000083600000, 0x0000000083600000, 0x0000000083700000|  0%| F|  |TAMS 0x0000000083600000, 0x0000000083600000| Untracked 
|  33|0x0000000083700000, 0x0000000083700000, 0x0000000083800000|  0%| F|  |TAMS 0x0000000083700000, 0x0000000083700000| Untracked 
|  34|0x0000000083800000, 0x0000000083800000, 0x0000000083900000|  0%| F|  |TAMS 0x0000000083800000, 0x0000000083800000| Untracked 
|  35|0x0000000083900000, 0x0000000083900000, 0x0000000083a00000|  0%| F|  |TAMS 0x0000000083900000, 0x0000000083900000| Untracked 
|  36|0x0000000083a00000, 0x0000000083a00000, 0x0000000083b00000|  0%| F|  |TAMS 0x0000000083a00000, 0x0000000083a00000| Untracked 
|  37|0x0000000083b00000, 0x0000000083b00000, 0x0000000083c00000|  0%| F|  |TAMS 0x0000000083b00000, 0x0000000083b00000| Untracked 
|  38|0x0000000083c00000, 0x0000000083c00000, 0x0000000083d00000|  0%| F|  |TAMS 0x0000000083c00000, 0x0000000083c00000| Untracked 
|  39|0x0000000083d00000, 0x0000000083d00000, 0x0000000083e00000|  0%| F|  |TAMS 0x0000000083d00000, 0x0000000083d00000| Untracked 
|  40|0x0000000083e00000, 0x0000000083e00000, 0x0000000083f00000|  0%| F|  |TAMS 0x0000000083e00000, 0x0000000083e00000| Untracked 
|  41|0x0000000083f00000, 0x0000000083f00000, 0x0000000084000000|  0%| F|  |TAMS 0x0000000083f00000, 0x0000000083f00000| Untracked 
|  42|0x0000000084000000, 0x0000000084000000, 0x0000000084100000|  0%| F|  |TAMS 0x0000000084000000, 0x0000000084000000| Untracked 
|  43|0x0000000084100000, 0x0000000084100000, 0x0000000084200000|  0%| F|  |TAMS 0x0000000084100000, 0x0000000084100000| Untracked 
|  44|0x0000000084200000, 0x0000000084200000, 0x0000000084300000|  0%| F|  |TAMS 0x0000000084200000, 0x0000000084200000| Untracked 
|  45|0x0000000084300000, 0x0000000084300000, 0x0000000084400000|  0%| F|  |TAMS 0x0000000084300000, 0x0000000084300000| Untracked 
|  46|0x0000000084400000, 0x0000000084400000, 0x0000000084500000|  0%| F|  |TAMS 0x0000000084400000, 0x0000000084400000| Untracked 
|  47|0x0000000084500000, 0x0000000084500000, 0x0000000084600000|  0%| F|  |TAMS 0x0000000084500000, 0x0000000084500000| Untracked 
|  48|0x0000000084600000, 0x0000000084600000, 0x0000000084700000|  0%| F|  |TAMS 0x0000000084600000, 0x0000000084600000| Untracked 
|  49|0x0000000084700000, 0x0000000084700000, 0x0000000084800000|  0%| F|  |TAMS 0x0000000084700000, 0x0000000084700000| Untracked 
|  50|0x0000000084800000, 0x0000000084800000, 0x0000000084900000|  0%| F|  |TAMS 0x0000000084800000, 0x0000000084800000| Untracked 
|  51|0x0000000084900000, 0x0000000084900000, 0x0000000084a00000|  0%| F|  |TAMS 0x0000000084900000, 0x0000000084900000| Untracked 
|  52|0x0000000084a00000, 0x0000000084a00000, 0x0000000084b00000|  0%| F|  |TAMS 0x0000000084a00000, 0x0000000084a00000| Untracked 
|  53|0x0000000084b00000, 0x0000000084b00000, 0x0000000084c00000|  0%| F|  |TAMS 0x0000000084b00000, 0x0000000084b00000| Untracked 
|  54|0x0000000084c00000, 0x0000000084c00000, 0x0000000084d00000|  0%| F|  |TAMS 0x0000000084c00000, 0x0000000084c00000| Untracked 
|  55|0x0000000084d00000, 0x0000000084d00000, 0x0000000084e00000|  0%| F|  |TAMS 0x0000000084d00000, 0x0000000084d00000| Untracked 
|  56|0x0000000084e00000, 0x0000000084e00000, 0x0000000084f00000|  0%| F|  |TAMS 0x0000000084e00000, 0x0000000084e00000| Untracked 
|  57|0x0000000084f00000, 0x0000000084f00000, 0x0000000085000000|  0%| F|  |TAMS 0x0000000084f00000, 0x0000000084f00000| Untracked 
|  58|0x0000000085000000, 0x0000000085000000, 0x0000000085100000|  0%| F|  |TAMS 0x0000000085000000, 0x0000000085000000| Untracked 
|  59|0x0000000085100000, 0x0000000085100000, 0x0000000085200000|  0%| F|  |TAMS 0x0000000085100000, 0x0000000085100000| Untracked 
|  60|0x0000000085200000, 0x0000000085200000, 0x0000000085300000|  0%| F|  |TAMS 0x0000000085200000, 0x0000000085200000| Untracked 
|  61|0x0000000085300000, 0x0000000085300000, 0x0000000085400000|  0%| F|  |TAMS 0x0000000085300000, 0x0000000085300000| Untracked 
|  62|0x0000000085400000, 0x0000000085400000, 0x0000000085500000|  0%| F|  |TAMS 0x0000000085400000, 0x0000000085400000| Untracked 
|  63|0x0000000085500000, 0x0000000085500000, 0x0000000085600000|  0%| F|  |TAMS 0x0000000085500000, 0x0000000085500000| Untracked 
|  64|0x0000000085600000, 0x0000000085600000, 0x0000000085700000|  0%| F|  |TAMS 0x0000000085600000, 0x0000000085600000| Untracked 
|  65|0x0000000085700000, 0x0000000085700000, 0x0000000085800000|  0%| F|  |TAMS 0x0000000085700000, 0x0000000085700000| Untracked 
|  66|0x0000000085800000, 0x0000000085800000, 0x0000000085900000|  0%| F|  |TAMS 0x0000000085800000, 0x0000000085800000| Untracked 
|  67|0x0000000085900000, 0x0000000085900000, 0x0000000085a00000|  0%| F|  |TAMS 0x0000000085900000, 0x0000000085900000| Untracked 
|  68|0x0000000085a00000, 0x0000000085a00000, 0x0000000085b00000|  0%| F|  |TAMS 0x0000000085a00000, 0x0000000085a00000| Untracked 
|  69|0x0000000085b00000, 0x0000000085b00000, 0x0000000085c00000|  0%| F|  |TAMS 0x0000000085b00000, 0x0000000085b00000| Untracked 
|  70|0x0000000085c00000, 0x0000000085c00000, 0x0000000085d00000|  0%| F|  |TAMS 0x0000000085c00000, 0x0000000085c00000| Untracked 
|  71|0x0000000085d00000, 0x0000000085d00000, 0x0000000085e00000|  0%| F|  |TAMS 0x0000000085d00000, 0x0000000085d00000| Untracked 
|  72|0x0000000085e00000, 0x0000000085e00000, 0x0000000085f00000|  0%| F|  |TAMS 0x0000000085e00000, 0x0000000085e00000| Untracked 
|  73|0x0000000085f00000, 0x0000000085f00000, 0x0000000086000000|  0%| F|  |TAMS 0x0000000085f00000, 0x0000000085f00000| Untracked 
|  74|0x0000000086000000, 0x0000000086000000, 0x0000000086100000|  0%| F|  |TAMS 0x0000000086000000, 0x0000000086000000| Untracked 
|  75|0x0000000086100000, 0x0000000086100000, 0x0000000086200000|  0%| F|  |TAMS 0x0000000086100000, 0x0000000086100000| Untracked 
|  76|0x0000000086200000, 0x0000000086200000, 0x0000000086300000|  0%| F|  |TAMS 0x0000000086200000, 0x0000000086200000| Untracked 
|  77|0x0000000086300000, 0x0000000086300000, 0x0000000086400000|  0%| F|  |TAMS 0x0000000086300000, 0x0000000086300000| Untracked 
|  78|0x0000000086400000, 0x0000000086400000, 0x0000000086500000|  0%| F|  |TAMS 0x0000000086400000, 0x0000000086400000| Untracked 
|  79|0x0000000086500000, 0x0000000086500000, 0x0000000086600000|  0%| F|  |TAMS 0x0000000086500000, 0x0000000086500000| Untracked 
|  80|0x0000000086600000, 0x0000000086600000, 0x0000000086700000|  0%| F|  |TAMS 0x0000000086600000, 0x0000000086600000| Untracked 
|  81|0x0000000086700000, 0x0000000086700000, 0x0000000086800000|  0%| F|  |TAMS 0x0000000086700000, 0x0000000086700000| Untracked 
|  82|0x0000000086800000, 0x0000000086800000, 0x0000000086900000|  0%| F|  |TAMS 0x0000000086800000, 0x0000000086800000| Untracked 
|  83|0x0000000086900000, 0x0000000086900000, 0x0000000086a00000|  0%| F|  |TAMS 0x0000000086900000, 0x0000000086900000| Untracked 
|  84|0x0000000086a00000, 0x0000000086a00000, 0x0000000086b00000|  0%| F|  |TAMS 0x0000000086a00000, 0x0000000086a00000| Untracked 
|  85|0x0000000086b00000, 0x0000000086b00000, 0x0000000086c00000|  0%| F|  |TAMS 0x0000000086b00000, 0x0000000086b00000| Untracked 
|  86|0x0000000086c00000, 0x0000000086c00000, 0x0000000086d00000|  0%| F|  |TAMS 0x0000000086c00000, 0x0000000086c00000| Untracked 
|  87|0x0000000086d00000, 0x0000000086d00000, 0x0000000086e00000|  0%| F|  |TAMS 0x0000000086d00000, 0x0000000086d00000| Untracked 
|  88|0x0000000086e00000, 0x0000000086e00000, 0x0000000086f00000|  0%| F|  |TAMS 0x0000000086e00000, 0x0000000086e00000| Untracked 
|  89|0x0000000086f00000, 0x0000000086f00000, 0x0000000087000000|  0%| F|  |TAMS 0x0000000086f00000, 0x0000000086f00000| Untracked 
|  90|0x0000000087000000, 0x0000000087000000, 0x0000000087100000|  0%| F|  |TAMS 0x0000000087000000, 0x0000000087000000| Untracked 
|  91|0x0000000087100000, 0x0000000087100000, 0x0000000087200000|  0%| F|  |TAMS 0x0000000087100000, 0x0000000087100000| Untracked 
|  92|0x0000000087200000, 0x0000000087200000, 0x0000000087300000|  0%| F|  |TAMS 0x0000000087200000, 0x0000000087200000| Untracked 
|  93|0x0000000087300000, 0x0000000087300000, 0x0000000087400000|  0%| F|  |TAMS 0x0000000087300000, 0x0000000087300000| Untracked 
|  94|0x0000000087400000, 0x0000000087400000, 0x0000000087500000|  0%| F|  |TAMS 0x0000000087400000, 0x0000000087400000| Untracked 
|  95|0x0000000087500000, 0x0000000087500000, 0x0000000087600000|  0%| F|  |TAMS 0x0000000087500000, 0x0000000087500000| Untracked 
|  96|0x0000000087600000, 0x0000000087600000, 0x0000000087700000|  0%| F|  |TAMS 0x0000000087600000, 0x0000000087600000| Untracked 
|  97|0x0000000087700000, 0x0000000087700000, 0x0000000087800000|  0%| F|  |TAMS 0x0000000087700000, 0x0000000087700000| Untracked 
|  98|0x0000000087800000, 0x0000000087800000, 0x0000000087900000|  0%| F|  |TAMS 0x0000000087800000, 0x0000000087800000| Untracked 
|  99|0x0000000087900000, 0x0000000087900000, 0x0000000087a00000|  0%| F|  |TAMS 0x0000000087900000, 0x0000000087900000| Untracked 
| 100|0x0000000087a00000, 0x0000000087a00000, 0x0000000087b00000|  0%| F|  |TAMS 0x0000000087a00000, 0x0000000087a00000| Untracked 
| 101|0x0000000087b00000, 0x0000000087b00000, 0x0000000087c00000|  0%| F|  |TAMS 0x0000000087b00000, 0x0000000087b00000| Untracked 
| 102|0x0000000087c00000, 0x0000000087c00000, 0x0000000087d00000|  0%| F|  |TAMS 0x0000000087c00000, 0x0000000087c00000| Untracked 
| 103|0x0000000087d00000, 0x0000000087d00000, 0x0000000087e00000|  0%| F|  |TAMS 0x0000000087d00000, 0x0000000087d00000| Untracked 
| 104|0x0000000087e00000, 0x0000000087e00000, 0x0000000087f00000|  0%| F|  |TAMS 0x0000000087e00000, 0x0000000087e00000| Untracked 
| 105|0x0000000087f00000, 0x0000000087f00000, 0x0000000088000000|  0%| F|  |TAMS 0x0000000087f00000, 0x0000000087f00000| Untracked 
| 106|0x0000000088000000, 0x0000000088000000, 0x0000000088100000|  0%| F|  |TAMS 0x0000000088000000, 0x0000000088000000| Untracked 
| 107|0x0000000088100000, 0x0000000088100000, 0x0000000088200000|  0%| F|  |TAMS 0x0000000088100000, 0x0000000088100000| Untracked 
| 108|0x0000000088200000, 0x0000000088200000, 0x0000000088300000|  0%| F|  |TAMS 0x0000000088200000, 0x0000000088200000| Untracked 
| 109|0x0000000088300000, 0x0000000088300000, 0x0000000088400000|  0%| F|  |TAMS 0x0000000088300000, 0x0000000088300000| Untracked 
| 110|0x0000000088400000, 0x0000000088400000, 0x0000000088500000|  0%| F|  |TAMS 0x0000000088400000, 0x0000000088400000| Untracked 
| 111|0x0000000088500000, 0x0000000088500000, 0x0000000088600000|  0%| F|  |TAMS 0x0000000088500000, 0x0000000088500000| Untracked 
| 112|0x0000000088600000, 0x0000000088600000, 0x0000000088700000|  0%| F|  |TAMS 0x0000000088600000, 0x0000000088600000| Untracked 
| 113|0x0000000088700000, 0x0000000088700000, 0x0000000088800000|  0%| F|  |TAMS 0x0000000088700000, 0x0000000088700000| Untracked 
| 114|0x0000000088800000, 0x0000000088800000, 0x0000000088900000|  0%| F|  |TAMS 0x0000000088800000, 0x0000000088800000| Untracked 
| 115|0x0000000088900000, 0x0000000088900000, 0x0000000088a00000|  0%| F|  |TAMS 0x0000000088900000, 0x0000000088900000| Untracked 
| 116|0x0000000088a00000, 0x0000000088a00000, 0x0000000088b00000|  0%| F|  |TAMS 0x0000000088a00000, 0x0000000088a00000| Untracked 
| 117|0x0000000088b00000, 0x0000000088b00000, 0x0000000088c00000|  0%| F|  |TAMS 0x0000000088b00000, 0x0000000088b00000| Untracked 
| 118|0x0000000088c00000, 0x0000000088c00000, 0x0000000088d00000|  0%| F|  |TAMS 0x0000000088c00000, 0x0000000088c00000| Untracked 
| 119|0x0000000088d00000, 0x0000000088d00000, 0x0000000088e00000|  0%| F|  |TAMS 0x0000000088d00000, 0x0000000088d00000| Untracked 
| 120|0x0000000088e00000, 0x0000000088e00000, 0x0000000088f00000|  0%| F|  |TAMS 0x0000000088e00000, 0x0000000088e00000| Untracked 
| 121|0x0000000088f00000, 0x0000000089000000, 0x0000000089000000|100%| E|  |TAMS 0x0000000088f00000, 0x0000000088f00000| Complete 
| 122|0x0000000089000000, 0x0000000089100000, 0x0000000089100000|100%| E|CS|TAMS 0x0000000089000000, 0x0000000089000000| Complete 
| 123|0x0000000089100000, 0x0000000089200000, 0x0000000089200000|100%| E|CS|TAMS 0x0000000089100000, 0x0000000089100000| Complete 
| 124|0x0000000089200000, 0x0000000089300000, 0x0000000089300000|100%| E|CS|TAMS 0x0000000089200000, 0x0000000089200000| Complete 
| 125|0x0000000089300000, 0x0000000089400000, 0x0000000089400000|100%| E|CS|TAMS 0x0000000089300000, 0x0000000089300000| Complete 
| 126|0x0000000089400000, 0x0000000089500000, 0x0000000089500000|100%| E|CS|TAMS 0x0000000089400000, 0x0000000089400000| Complete 
| 127|0x0000000089500000, 0x0000000089600000, 0x0000000089600000|100%| E|CS|TAMS 0x0000000089500000, 0x0000000089500000| Complete 

Card table byte_map: [0x000002765e6b0000,0x000002765eab0000] _byte_map_base: 0x000002765e2a5000

Marking Bits (Prev, Next): (CMBitMap*) 0x000002764bc2f9f0, (CMBitMap*) 0x000002764bc2fa30
 Prev Bits: [0x000002765eeb0000, 0x0000027660e58000)
 Next Bits: [0x0000027660e60000, 0x0000027662e08000)

Polling page: 0x0000027649a00000

Metaspace:

Usage:
  Non-class:     12.91 MB used.
      Class:      1.44 MB used.
       Both:     14.34 MB used.

Virtual space:
  Non-class space:       64.00 MB reserved,      13.00 MB ( 20%) committed,  1 nodes.
      Class space:        1.00 GB reserved,       1.50 MB ( <1%) committed,  1 nodes.
             Both:        1.06 GB reserved,      14.50 MB (  1%) committed. 

Chunk freelists:
   Non-Class:  2.98 MB
       Class:  14.52 MB
        Both:  17.51 MB

MaxMetaspaceSize: unlimited
CompressedClassSpaceSize: 1.00 GB
Initial GC threshold: 21.00 MB
Current GC threshold: 21.00 MB
CDS: off
MetaspaceReclaimPolicy: balanced
 - commit_granule_bytes: 65536.
 - commit_granule_words: 8192.
 - virtual_space_node_default_size: 8388608.
 - enlarge_chunks_in_place: 1.
 - new_chunks_are_fully_committed: 0.
 - uncommit_free_chunks: 1.
 - use_allocation_guard: 0.
 - handle_deallocations: 1.


Internal statistics:

num_allocs_failed_limit: 0.
num_arena_births: 108.
num_arena_deaths: 0.
num_vsnodes_births: 2.
num_vsnodes_deaths: 0.
num_space_committed: 232.
num_space_uncommitted: 0.
num_chunks_returned_to_freelist: 0.
num_chunks_taken_from_freelist: 159.
num_chunk_merges: 0.
num_chunk_splits: 91.
num_chunks_enlarged: 48.
num_inconsistent_stats: 0.

CodeHeap 'non-profiled nmethods': size=120000Kb used=262Kb max_used=262Kb free=119737Kb
 bounds [0x0000027656d80000, 0x0000027656ff0000, 0x000002765e2b0000]
CodeHeap 'profiled nmethods': size=120000Kb used=1815Kb max_used=1815Kb free=118184Kb
 bounds [0x000002764f2b0000, 0x000002764f520000, 0x00000276567e0000]
CodeHeap 'non-nmethods': size=5760Kb used=1265Kb max_used=1283Kb free=4494Kb
 bounds [0x00000276567e0000, 0x0000027656a50000, 0x0000027656d80000]
 total_blobs=1600 nmethods=1010 adapters=503
 compilation: enabled
              stopped_count=0, restarted_count=0
 full_count=0

Compilation events (20 events):
Event: 3.091 Thread 0x0000027665345390 nmethod 1000 0x000002764f472d90 code [0x000002764f472f40, 0x000002764f4731c8]
Event: 3.354 Thread 0x0000027665345390 1001       3       java.awt.Component::isShowing (38 bytes)
Event: 3.354 Thread 0x0000027665345390 nmethod 1001 0x000002764f473290 code [0x000002764f473440, 0x000002764f473748]
Event: 3.354 Thread 0x0000027665345390 1002       3       sun.font.SunFontManager::getInstance (9 bytes)
Event: 3.355 Thread 0x0000027665345390 nmethod 1002 0x000002764f473810 code [0x000002764f473a20, 0x000002764f4740d8]
Event: 3.870 Thread 0x0000027665345390 1003       3       javax.swing.text.GapContent$MarkData::getOffset (46 bytes)
Event: 3.870 Thread 0x0000027665345390 nmethod 1003 0x000002764f474390 code [0x000002764f474540, 0x000002764f474798]
Event: 3.870 Thread 0x0000027665345390 1004       3       sun.font.FontDesignMetrics$MetricsKey::init (24 bytes)
Event: 3.870 Thread 0x0000027665345390 nmethod 1004 0x000002764f474890 code [0x000002764f474a40, 0x000002764f474d18]
Event: 3.870 Thread 0x0000027665345390 1005       3       java.awt.Font::hashCode (76 bytes)
Event: 3.871 Thread 0x0000027665345390 nmethod 1005 0x000002764f474e90 code [0x000002764f475060, 0x000002764f475338]
Event: 4.372 Thread 0x0000027665345390 1007       3       sun.font.FontDesignMetrics$MetricsKey::equals (49 bytes)
Event: 4.372 Thread 0x0000027665345390 nmethod 1007 0x000002764f475490 code [0x000002764f475680, 0x000002764f475c58]
Event: 4.372 Thread 0x0000027665345390 1008       1       sun.awt.Win32GraphicsDevice::getDefaultScaleX (5 bytes)
Event: 4.372 Thread 0x0000027665345390 nmethod 1008 0x0000027656dc1210 code [0x0000027656dc13a0, 0x0000027656dc1478]
Event: 4.372 Thread 0x0000027665345390 1009       1       sun.awt.Win32GraphicsDevice::getDefaultScaleY (5 bytes)
Event: 4.372 Thread 0x0000027665345390 nmethod 1009 0x0000027656dc1510 code [0x0000027656dc16a0, 0x0000027656dc1778]
Event: 4.808 Thread 0x0000027665345390 1010       1       sun.util.locale.StringTokenIterator::isDone (5 bytes)
Event: 4.808 Thread 0x0000027665345390 nmethod 1010 0x0000027656dc1810 code [0x0000027656dc19a0, 0x0000027656dc1a78]
Event: 1470.317 Thread 0x0000027665344a80 1011       4       java.util.Arrays::binarySearch0 (95 bytes)

GC Heap History (0 events):
No events

Dll operation events (7 events):
Event: 0.006 Loaded shared library C:\Users\Alex(admin haha)\.p2\pool\plugins\org.eclipse.justj.openjdk.hotspot.jre.full.win32.x86_64_17.0.9.v20231028-0858\jre\bin\java.dll
Event: 0.243 Loaded shared library C:\Users\Alex(admin haha)\.p2\pool\plugins\org.eclipse.justj.openjdk.hotspot.jre.full.win32.x86_64_17.0.9.v20231028-0858\jre\bin\net.dll
Event: 0.246 Loaded shared library C:\Users\Alex(admin haha)\.p2\pool\plugins\org.eclipse.justj.openjdk.hotspot.jre.full.win32.x86_64_17.0.9.v20231028-0858\jre\bin\nio.dll
Event: 0.336 Loaded shared library C:\Users\Alex(admin haha)\.p2\pool\plugins\org.eclipse.justj.openjdk.hotspot.jre.full.win32.x86_64_17.0.9.v20231028-0858\jre\bin\jimage.dll
Event: 0.342 Loaded shared library C:\Users\Alex(admin haha)\.p2\pool\plugins\org.eclipse.justj.openjdk.hotspot.jre.full.win32.x86_64_17.0.9.v20231028-0858\jre\bin\awt.dll
Event: 0.555 Loaded shared library C:\Users\Alex(admin haha)\.p2\pool\plugins\org.eclipse.justj.openjdk.hotspot.jre.full.win32.x86_64_17.0.9.v20231028-0858\jre\bin\freetype.dll
Event: 0.556 Loaded shared library C:\Users\Alex(admin haha)\.p2\pool\plugins\org.eclipse.justj.openjdk.hotspot.jre.full.win32.x86_64_17.0.9.v20231028-0858\jre\bin\fontmanager.dll

Deoptimization events (20 events):
Event: 0.575 Thread 0x000002764bbd46d0 Uncommon trap: trap_request=0xffffffc6 fr.pc=0x0000027656da26e8 relative=0x00000000000008e8
Event: 0.575 Thread 0x000002764bbd46d0 Uncommon trap: reason=bimorphic_or_optimized_type_check action=maybe_recompile pc=0x0000027656da26e8 method=java.util.HashMap.putVal(ILjava/lang/Object;Ljava/lang/Object;ZZ)Ljava/lang/Object; @ 152 c2
Event: 0.575 Thread 0x000002764bbd46d0 DEOPT PACKING pc=0x0000027656da26e8 sp=0x000000fc8aafcd30
Event: 0.575 Thread 0x000002764bbd46d0 DEOPT UNPACKING pc=0x00000276568369a3 sp=0x000000fc8aafccb0 mode 2
Event: 0.575 Thread 0x000002764bbd46d0 DEOPT PACKING pc=0x000002764f2c1a67 sp=0x000000fc8aafcd40
Event: 0.575 Thread 0x000002764bbd46d0 DEOPT UNPACKING pc=0x0000027656837143 sp=0x000000fc8aafc160 mode 0
Event: 0.575 Thread 0x000002764bbd46d0 Uncommon trap: trap_request=0xffffffc6 fr.pc=0x0000027656da26e8 relative=0x00000000000008e8
Event: 0.575 Thread 0x000002764bbd46d0 Uncommon trap: reason=bimorphic_or_optimized_type_check action=maybe_recompile pc=0x0000027656da26e8 method=java.util.HashMap.putVal(ILjava/lang/Object;Ljava/lang/Object;ZZ)Ljava/lang/Object; @ 152 c2
Event: 0.575 Thread 0x000002764bbd46d0 DEOPT PACKING pc=0x0000027656da26e8 sp=0x000000fc8aafcd30
Event: 0.575 Thread 0x000002764bbd46d0 DEOPT UNPACKING pc=0x00000276568369a3 sp=0x000000fc8aafccb0 mode 2
Event: 0.575 Thread 0x000002764bbd46d0 Uncommon trap: trap_request=0xffffffc6 fr.pc=0x0000027656da26e8 relative=0x00000000000008e8
Event: 0.575 Thread 0x000002764bbd46d0 Uncommon trap: reason=bimorphic_or_optimized_type_check action=maybe_recompile pc=0x0000027656da26e8 method=java.util.HashMap.putVal(ILjava/lang/Object;Ljava/lang/Object;ZZ)Ljava/lang/Object; @ 152 c2
Event: 0.575 Thread 0x000002764bbd46d0 DEOPT PACKING pc=0x0000027656da26e8 sp=0x000000fc8aafcd30
Event: 0.575 Thread 0x000002764bbd46d0 DEOPT UNPACKING pc=0x00000276568369a3 sp=0x000000fc8aafccb0 mode 2
Event: 1.797 Thread 0x000002766a19cf50 DEOPT PACKING pc=0x000002764f2bd551 sp=0x000000fc8c1fcfd0
Event: 1.797 Thread 0x000002766a19cf50 DEOPT UNPACKING pc=0x0000027656837143 sp=0x000000fc8c1fc448 mode 0
Event: 1.798 Thread 0x000002766a19cf50 Uncommon trap: trap_request=0xffffff45 fr.pc=0x0000027656db721c relative=0x000000000000009c
Event: 1.798 Thread 0x000002766a19cf50 Uncommon trap: reason=unstable_if action=reinterpret pc=0x0000027656db721c method=java.awt.Component.inside(II)Z @ 1 c2
Event: 1.798 Thread 0x000002766a19cf50 DEOPT PACKING pc=0x0000027656db721c sp=0x000000fc8c1fd6e0
Event: 1.798 Thread 0x000002766a19cf50 DEOPT UNPACKING pc=0x00000276568369a3 sp=0x000000fc8c1fd580 mode 2

Classes unloaded (0 events):
No events

Classes redefined (0 events):
No events

Internal exceptions (14 events):
Event: 0.265 Thread 0x000002764bbd46d0 Exception <a 'java/lang/NoSuchMethodError'{0x00000000894273a8}: 'void java.lang.invoke.DirectMethodHandle$Holder.invokeVirtual(java.lang.Object, java.lang.Object)'> (0x00000000894273a8) 
thrown [s\src\hotspot\share\interpreter\linkResolver.cpp, line 759]
Event: 0.322 Thread 0x000002764bbd46d0 Exception <a 'java/lang/ClassNotFoundException'{0x00000000894caee0}: sun/awt/resources/spi/awtProvider> (0x00000000894caee0) 
thrown [s\src\hotspot\share\classfile\systemDictionary.cpp, line 256]
Event: 0.361 Thread 0x000002764bbd46d0 Exception <a 'java/io/FileNotFoundException'{0x0000000089320a28}> (0x0000000089320a28) 
thrown [s\src\hotspot\share\prims\jni.cpp, line 516]
Event: 0.370 Thread 0x000002764bbd46d0 Exception <a 'java/io/FileNotFoundException'{0x000000008934dd70}> (0x000000008934dd70) 
thrown [s\src\hotspot\share\prims\jni.cpp, line 516]
Event: 0.383 Thread 0x000002764bbd46d0 Exception <a 'sun/nio/fs/WindowsException'{0x000000008935c2d8}> (0x000000008935c2d8) 
thrown [s\src\hotspot\share\prims\jni.cpp, line 516]
Event: 0.431 Thread 0x000002764bbd46d0 Exception <a 'java/lang/NoSuchMethodError'{0x0000000089394980}: 'java.lang.Object java.lang.invoke.DirectMethodHandle$Holder.invokeStaticInit(java.lang.Object)'> (0x0000000089394980) 
thrown [s\src\hotspot\share\interpreter\linkResolver.cpp, line 759]
Event: 0.469 Thread 0x000002764bbd46d0 Exception <a 'java/lang/NoSuchMethodError'{0x00000000892161b8}: 'void java.lang.invoke.DirectMethodHandle$Holder.invokeSpecial(java.lang.Object, java.lang.Object, java.lang.Object)'> (0x00000000892161b8) 
thrown [s\src\hotspot\share\interpreter\linkResolver.cpp, line 759]
Event: 0.476 Thread 0x000002764bbd46d0 Exception <a 'java/lang/NoSuchMethodError'{0x0000000089240250}: 'java.lang.Object java.lang.invoke.DirectMethodHandle$Holder.newInvokeSpecial(java.lang.Object, java.lang.Object, java.lang.Object, java.lang.Object, java.lang.Object)'> (0x0000000089240250) 
thrown [s\src\hotspot\share\interpreter\linkResolver.cpp, line 759]
Event: 0.479 Thread 0x000002764bbd46d0 Exception <a 'java/lang/NoSuchMethodError'{0x000000008924be58}: 'java.lang.Object java.lang.invoke.DirectMethodHandle$Holder.invokeStatic(java.lang.Object, int, java.lang.Object, java.lang.Object, java.lang.Object, java.lang.Object)'> (0x000000008924be58) 
thrown [s\src\hotspot\share\interpreter\linkResolver.cpp, line 759]
Event: 0.484 Thread 0x000002764bbd46d0 Exception <a 'java/lang/NoSuchMethodError'{0x0000000089271618}: 'java.lang.Object java.lang.invoke.DirectMethodHandle$Holder.invokeStatic(java.lang.Object, int, java.lang.Object)'> (0x0000000089271618) 
thrown [s\src\hotspot\share\interpreter\linkResolver.cpp, line 759]
Event: 0.510 Thread 0x000002764bbd46d0 Exception <a 'java/lang/ClassNotFoundException'{0x0000000089129568}: com/sun/swing/internal/plaf/metal/resources/spi/metalProvider> (0x0000000089129568) 
thrown [s\src\hotspot\share\classfile\systemDictionary.cpp, line 256]
Event: 0.512 Thread 0x000002764bbd46d0 Exception <a 'java/lang/ClassNotFoundException'{0x000000008912d410}: com/sun/swing/internal/plaf/basic/resources/spi/basicProvider> (0x000000008912d410) 
thrown [s\src\hotspot\share\classfile\systemDictionary.cpp, line 256]
Event: 0.620 Thread 0x000002764bbd46d0 Exception <a 'java/lang/NoSuchMethodError'{0x0000000089018a90}: 'void java.lang.invoke.DirectMethodHandle$Holder.invokeStaticInit(java.lang.Object)'> (0x0000000089018a90) 
thrown [s\src\hotspot\share\interpreter\linkResolver.cpp, line 759]
Event: 0.631 Thread 0x000002764bbd46d0 Exception <a 'sun/nio/fs/WindowsException'{0x00000000890466f8}> (0x00000000890466f8) 
thrown [s\src\hotspot\share\prims\jni.cpp, line 516]

VM Operations (20 events):
Event: 0.284 Executing VM operation: HandshakeAllThreads
Event: 0.284 Executing VM operation: HandshakeAllThreads done
Event: 0.525 Executing VM operation: HandshakeAllThreads
Event: 0.525 Executing VM operation: HandshakeAllThreads done
Event: 0.574 Executing VM operation: HandshakeAllThreads
Event: 0.574 Executing VM operation: HandshakeAllThreads done
Event: 0.703 Executing VM operation: HandshakeAllThreads
Event: 0.703 Executing VM operation: HandshakeAllThreads done
Event: 1.711 Executing VM operation: Cleanup
Event: 1.711 Executing VM operation: Cleanup done
Event: 2.725 Executing VM operation: Cleanup
Event: 2.725 Executing VM operation: Cleanup done
Event: 3.730 Executing VM operation: Cleanup
Event: 3.730 Executing VM operation: Cleanup done
Event: 4.735 Executing VM operation: Cleanup
Event: 4.735 Executing VM operation: Cleanup done
Event: 5.738 Executing VM operation: Cleanup
Event: 5.738 Executing VM operation: Cleanup done
Event: 60.043 Executing VM operation: HandshakeAllThreads
Event: 60.043 Executing VM operation: HandshakeAllThreads done

Events (20 events):
Event: 1.821 loading class java/time/temporal/TemporalUnit done
Event: 1.821 loading class java/time/temporal/ChronoUnit done
Event: 1.821 loading class java/time/Duration
Event: 1.821 loading class java/time/temporal/TemporalAmount
Event: 1.821 loading class java/time/temporal/TemporalAmount done
Event: 1.821 loading class java/time/Duration done
Event: 1.821 loading class java/math/BigInteger
Event: 1.822 loading class java/math/BigInteger done
Event: 2.334 loading class javax/swing/Timer$1
Event: 2.334 loading class javax/swing/Timer$1 done
Event: 3.082 loading class java/awt/LightweightDispatcher$2
Event: 3.082 loading class java/awt/LightweightDispatcher$2 done
Event: 1470.315 loading class java/util/Collections$SynchronizedSet
Event: 1470.315 loading class java/util/Collections$SynchronizedSet done
Event: 1470.315 loading class java/util/WeakHashMap$KeyIterator
Event: 1470.315 loading class java/util/WeakHashMap$HashIterator
Event: 1470.315 loading class java/util/WeakHashMap$HashIterator done
Event: 1470.315 loading class java/util/WeakHashMap$KeyIterator done
Event: 1470.315 loading class javax/swing/RepaintManager$DisplayChangedRunnable
Event: 1470.315 loading class javax/swing/RepaintManager$DisplayChangedRunnable done


Dynamic libraries:
0x00007ff761e30000 - 0x00007ff761e3e000 	C:\Users\Alex(admin haha)\.p2\pool\plugins\org.eclipse.justj.openjdk.hotspot.jre.full.win32.x86_64_17.0.9.v20231028-0858\jre\bin\javaw.exe
0x00007ffb5e6b0000 - 0x00007ffb5e8a8000 	C:\WINDOWS\SYSTEM32\ntdll.dll
0x00007ffb5de90000 - 0x00007ffb5df4f000 	C:\WINDOWS\System32\KERNEL32.DLL
0x00007ffb5c250000 - 0x00007ffb5c546000 	C:\WINDOWS\System32\KERNELBASE.dll
0x00007ffb5c580000 - 0x00007ffb5c680000 	C:\WINDOWS\System32\ucrtbase.dll
0x00007ffb50c00000 - 0x00007ffb50c17000 	C:\Users\Alex(admin haha)\.p2\pool\plugins\org.eclipse.justj.openjdk.hotspot.jre.full.win32.x86_64_17.0.9.v20231028-0858\jre\bin\jli.dll
0x00007ffb5dcf0000 - 0x00007ffb5de8d000 	C:\WINDOWS\System32\USER32.dll
0x00007ffb5c220000 - 0x00007ffb5c242000 	C:\WINDOWS\System32\win32u.dll
0x00007ffb5c990000 - 0x00007ffb5c9bc000 	C:\WINDOWS\System32\GDI32.dll
0x00007ffb5c060000 - 0x00007ffb5c175000 	C:\WINDOWS\System32\gdi32full.dll
0x00007ffb5c180000 - 0x00007ffb5c21d000 	C:\WINDOWS\System32\msvcp_win.dll
0x00007ffb50ad0000 - 0x00007ffb50aeb000 	C:\Users\Alex(admin haha)\.p2\pool\plugins\org.eclipse.justj.openjdk.hotspot.jre.full.win32.x86_64_17.0.9.v20231028-0858\jre\bin\VCRUNTIME140.dll
0x00007ffb521c0000 - 0x00007ffb5245a000 	C:\WINDOWS\WinSxS\amd64_microsoft.windows.common-controls_6595b64144ccf1df_6.0.19041.1110_none_60b5254171f9507e\COMCTL32.dll
0x00007ffb5d750000 - 0x00007ffb5d7ee000 	C:\WINDOWS\System32\msvcrt.dll
0x00007ffb5c710000 - 0x00007ffb5c740000 	C:\WINDOWS\System32\IMM32.DLL
0x00007ffb573e0000 - 0x00007ffb573ec000 	C:\Users\Alex(admin haha)\.p2\pool\plugins\org.eclipse.justj.openjdk.hotspot.jre.full.win32.x86_64_17.0.9.v20231028-0858\jre\bin\vcruntime140_1.dll
0x00007ffb46950000 - 0x00007ffb469dd000 	C:\Users\Alex(admin haha)\.p2\pool\plugins\org.eclipse.justj.openjdk.hotspot.jre.full.win32.x86_64_17.0.9.v20231028-0858\jre\bin\msvcp140.dll
0x00007ffae3940000 - 0x00007ffae45a1000 	C:\Users\Alex(admin haha)\.p2\pool\plugins\org.eclipse.justj.openjdk.hotspot.jre.full.win32.x86_64_17.0.9.v20231028-0858\jre\bin\server\jvm.dll
0x00007ffb5caf0000 - 0x00007ffb5cb9f000 	C:\WINDOWS\System32\ADVAPI32.dll
0x00007ffb5e310000 - 0x00007ffb5e3ac000 	C:\WINDOWS\System32\sechost.dll
0x00007ffb5c9c0000 - 0x00007ffb5cae6000 	C:\WINDOWS\System32\RPCRT4.dll
0x00007ffb5bc00000 - 0x00007ffb5bc4b000 	C:\WINDOWS\SYSTEM32\POWRPROF.dll
0x00007ffb32d10000 - 0x00007ffb32d19000 	C:\WINDOWS\SYSTEM32\WSOCK32.dll
0x00007ffb5d6e0000 - 0x00007ffb5d74b000 	C:\WINDOWS\System32\WS2_32.dll
0x00007ffb52b00000 - 0x00007ffb52b27000 	C:\WINDOWS\SYSTEM32\WINMM.dll
0x00007ffb514a0000 - 0x00007ffb514aa000 	C:\WINDOWS\SYSTEM32\VERSION.dll
0x00007ffb5bbe0000 - 0x00007ffb5bbf2000 	C:\WINDOWS\SYSTEM32\UMPDC.dll
0x00007ffb59c60000 - 0x00007ffb59c72000 	C:\WINDOWS\SYSTEM32\kernel.appcore.dll
0x00007ffb4f420000 - 0x00007ffb4f42a000 	C:\Users\Alex(admin haha)\.p2\pool\plugins\org.eclipse.justj.openjdk.hotspot.jre.full.win32.x86_64_17.0.9.v20231028-0858\jre\bin\jimage.dll
0x00007ffb46190000 - 0x00007ffb46374000 	C:\WINDOWS\SYSTEM32\DBGHELP.DLL
0x00007ffb46150000 - 0x00007ffb46184000 	C:\WINDOWS\SYSTEM32\dbgcore.DLL
0x00007ffb5c680000 - 0x00007ffb5c702000 	C:\WINDOWS\System32\bcryptPrimitives.dll
0x00007ffb48060000 - 0x00007ffb48085000 	C:\Users\Alex(admin haha)\.p2\pool\plugins\org.eclipse.justj.openjdk.hotspot.jre.full.win32.x86_64_17.0.9.v20231028-0858\jre\bin\java.dll
0x00007ffb4b200000 - 0x00007ffb4b218000 	C:\Users\Alex(admin haha)\.p2\pool\plugins\org.eclipse.justj.openjdk.hotspot.jre.full.win32.x86_64_17.0.9.v20231028-0858\jre\bin\zip.dll
0x00007ffb5cee0000 - 0x00007ffb5d624000 	C:\WINDOWS\System32\SHELL32.dll
0x00007ffb59e60000 - 0x00007ffb5a5f3000 	C:\WINDOWS\SYSTEM32\windows.storage.dll
0x00007ffb5df50000 - 0x00007ffb5e2a4000 	C:\WINDOWS\System32\combase.dll
0x00007ffb5b700000 - 0x00007ffb5b72e000 	C:\WINDOWS\SYSTEM32\Wldp.dll
0x00007ffb5cba0000 - 0x00007ffb5cc4d000 	C:\WINDOWS\System32\SHCORE.dll
0x00007ffb5e610000 - 0x00007ffb5e665000 	C:\WINDOWS\System32\shlwapi.dll
0x00007ffb5bcd0000 - 0x00007ffb5bcef000 	C:\WINDOWS\SYSTEM32\profapi.dll
0x00007ffb59610000 - 0x00007ffb59629000 	C:\Users\Alex(admin haha)\.p2\pool\plugins\org.eclipse.justj.openjdk.hotspot.jre.full.win32.x86_64_17.0.9.v20231028-0858\jre\bin\net.dll
0x00007ffb56bd0000 - 0x00007ffb56cda000 	C:\WINDOWS\SYSTEM32\WINHTTP.dll
0x00007ffb5b460000 - 0x00007ffb5b4ca000 	C:\WINDOWS\system32\mswsock.dll
0x00007ffb50bd0000 - 0x00007ffb50be6000 	C:\Users\Alex(admin haha)\.p2\pool\plugins\org.eclipse.justj.openjdk.hotspot.jre.full.win32.x86_64_17.0.9.v20231028-0858\jre\bin\nio.dll
0x00007ffb2d7d0000 - 0x00007ffb2d960000 	C:\Users\Alex(admin haha)\.p2\pool\plugins\org.eclipse.justj.openjdk.hotspot.jre.full.win32.x86_64_17.0.9.v20231028-0858\jre\bin\awt.dll
0x00007ffb5c8c0000 - 0x00007ffb5c98d000 	C:\WINDOWS\System32\OLEAUT32.dll
0x00007ffb59680000 - 0x00007ffb59711000 	C:\WINDOWS\SYSTEM32\apphelp.dll
0x00007ffb59b50000 - 0x00007ffb59b7f000 	C:\WINDOWS\system32\DWMAPI.DLL
0x00007ffb59790000 - 0x00007ffb5982e000 	C:\WINDOWS\system32\uxtheme.dll
0x00007ffb39e00000 - 0x00007ffb39f25000 	C:\WINDOWS\system32\opengl32.dll
0x00007ffb3ad30000 - 0x00007ffb3ad5c000 	C:\WINDOWS\SYSTEM32\GLU32.dll
0x00007ffb5e3c0000 - 0x00007ffb5e4d4000 	C:\WINDOWS\System32\MSCTF.dll
0x00007ffb37f10000 - 0x00007ffb37f4f000 	C:\Program Files\ASUS\Bluetooth Software\btmmhook.dll
0x00007ffb5e4e0000 - 0x00007ffb5e60a000 	C:\WINDOWS\System32\ole32.dll
0x00007ffb5e3b0000 - 0x00007ffb5e3b8000 	C:\WINDOWS\System32\PSAPI.DLL
0x00007ffb45d90000 - 0x00007ffb45e18000 	C:\Users\Alex(admin haha)\.p2\pool\plugins\org.eclipse.justj.openjdk.hotspot.jre.full.win32.x86_64_17.0.9.v20231028-0858\jre\bin\freetype.dll
0x00007ffb45b80000 - 0x00007ffb45c53000 	C:\Users\Alex(admin haha)\.p2\pool\plugins\org.eclipse.justj.openjdk.hotspot.jre.full.win32.x86_64_17.0.9.v20231028-0858\jre\bin\fontmanager.dll
0x00007ffb5d630000 - 0x00007ffb5d6d9000 	C:\WINDOWS\System32\clbcatq.dll
0x00007ffb56190000 - 0x00007ffb56344000 	C:\WINDOWS\SYSTEM32\WindowsCodecs.dll
0x00007ffb5c550000 - 0x00007ffb5c577000 	C:\WINDOWS\System32\bcrypt.dll
0x00007ffb3c120000 - 0x00007ffb3c15e000 	C:\WINDOWS\system32\dataexchange.dll
0x00007ffb57d70000 - 0x00007ffb57fd3000 	C:\WINDOWS\system32\d3d11.dll
0x00007ffb58a50000 - 0x00007ffb58c33000 	C:\WINDOWS\system32\dcomp.dll
0x00007ffb5a640000 - 0x00007ffb5a733000 	C:\WINDOWS\system32\dxgi.dll
0x00007ffb56660000 - 0x00007ffb56867000 	C:\WINDOWS\system32\twinapi.appcore.dll
0x00007ffb4cdd0000 - 0x00007ffb4cec9000 	C:\WINDOWS\SYSTEM32\textinputframework.dll
0x00007ffb59370000 - 0x00007ffb59462000 	C:\WINDOWS\System32\CoreMessaging.dll
0x00007ffb59010000 - 0x00007ffb5936e000 	C:\WINDOWS\System32\CoreUIComponents.dll
0x00007ffb5aea0000 - 0x00007ffb5aed3000 	C:\WINDOWS\SYSTEM32\ntmarta.dll
0x00007ffb57c10000 - 0x00007ffb57d64000 	C:\WINDOWS\SYSTEM32\wintypes.dll

dbghelp: loaded successfully - version: 4.0.5 - missing functions: none
symbol engine: initialized successfully - sym options: 0x614 - pdb path: .;C:\Users\Alex(admin haha)\.p2\pool\plugins\org.eclipse.justj.openjdk.hotspot.jre.full.win32.x86_64_17.0.9.v20231028-0858\jre\bin;C:\WINDOWS\SYSTEM32;C:\WINDOWS\WinSxS\amd64_microsoft.windows.common-controls_6595b64144ccf1df_6.0.19041.1110_none_60b5254171f9507e;C:\Users\Alex(admin haha)\.p2\pool\plugins\org.eclipse.justj.openjdk.hotspot.jre.full.win32.x86_64_17.0.9.v20231028-0858\jre\bin\server;C:\Program Files\ASUS\Bluetooth Software

VM Arguments:
jvm_args: -Dfile.encoding=UTF-8 -Dstdout.encoding=UTF-8 -Dstderr.encoding=UTF-8 --module-path=C:\Users\Alex(admin haha)\final-project\finalProject\bin -XX:+ShowCodeDetailsInExceptionMessages -Djdk.module.main=finalProject 
java_command: finalProject/finalProject.Game
java_class_path (initial): <not set>
Launcher Type: SUN_STANDARD

[Global flags]
     intx CICompilerCount                          = 3                                         {product} {ergonomic}
     uint ConcGCThreads                            = 1                                         {product} {ergonomic}
     uint G1ConcRefinementThreads                  = 4                                         {product} {ergonomic}
   size_t G1HeapRegionSize                         = 1048576                                   {product} {ergonomic}
    uintx GCDrainStackTargetSize                   = 64                                        {product} {ergonomic}
   size_t InitialHeapSize                          = 134217728                                 {product} {ergonomic}
   size_t MarkStackSize                            = 4194304                                   {product} {ergonomic}
   size_t MaxHeapSize                              = 2124414976                                {product} {ergonomic}
   size_t MaxNewSize                               = 1274019840                                {product} {ergonomic}
   size_t MinHeapDeltaBytes                        = 1048576                                   {product} {ergonomic}
   size_t MinHeapSize                              = 8388608                                   {product} {ergonomic}
    uintx NonNMethodCodeHeapSize                   = 5832780                                {pd product} {ergonomic}
    uintx NonProfiledCodeHeapSize                  = 122912730                              {pd product} {ergonomic}
    uintx ProfiledCodeHeapSize                     = 122912730                              {pd product} {ergonomic}
    uintx ReservedCodeCacheSize                    = 251658240                              {pd product} {ergonomic}
     bool SegmentedCodeCache                       = true                                      {product} {ergonomic}
     bool ShowCodeDetailsInExceptionMessages       = true                                   {manageable} {command line}
   size_t SoftMaxHeapSize                          = 2124414976                             {manageable} {ergonomic}
     bool UseCompressedClassPointers               = true                           {product lp64_product} {ergonomic}
     bool UseCompressedOops                        = true                           {product lp64_product} {ergonomic}
     bool UseG1GC                                  = true                                      {product} {ergonomic}
     bool UseLargePagesIndividualAllocation        = false                                  {pd product} {ergonomic}

Logging:
Log output configuration:
 #0: stdout all=warning uptime,level,tags
 #1: stderr all=off uptime,level,tags

Environment Variables:
PATH=C:/Users/Alex(admin haha)/.p2/pool/plugins/org.eclipse.justj.openjdk.hotspot.jre.full.win32.x86_64_17.0.9.v20231028-0858/jre/bin/server;C:/Users/Alex(admin haha)/.p2/pool/plugins/org.eclipse.justj.openjdk.hotspot.jre.full.win32.x86_64_17.0.9.v20231028-0858/jre/bin;C:\Program Files\Common Files\Oracle\Java\javapath;C:\Program Files (x86)\Common Files\Oracle\Java\javapath;C:\WINDOWS\system32;C:\WINDOWS;C:\WINDOWS\System32\Wbem;C:\WINDOWS\System32\WindowsPowerShell\v1.0\;C:\WINDOWS\System32\OpenSSH\;C:\Program Files\ASUS\Bluetooth Software\;C:\Program Files\ASUS\Bluetooth Software\syswow64;C:\Users\Alex(admin haha)\AppData\Local\Microsoft\WindowsApps;C:\Users\Alex(admin haha)\AppData\Local\Programs\Microsoft VS Code\bin;C:\Users\Alex(admin haha)\AppData\Local\GitHubDesktop\bin;C:\WINDOWS\system32;
USERNAME=Alex(admin haha)
OS=Windows_NT
PROCESSOR_IDENTIFIER=Intel64 Family 6 Model 60 Stepping 3, GenuineIntel
TMP=C:\Users\ALEX(A~1\AppData\Local\Temp
TEMP=C:\Users\ALEX(A~1\AppData\Local\Temp



Periodic native trim disabled


---------------  S Y S T E M  ---------------

OS:
 Windows 10 , 64 bit Build 19041 (10.0.19041.3031)
OS uptime: 9 days 8:04 hours

CPU: total 4 (initial active 4) (4 cores per cpu, 1 threads per core) family 6 model 60 stepping 3 microcode 0x27, cx8, cmov, fxsr, mmx, sse, sse2, sse3, ssse3, sse4.1, sse4.2, popcnt, lzcnt, tsc, tscinvbit, avx, avx2, aes, erms, clmul, bmi1, bmi2, fma, vzeroupper, clflush
Processor Information for all 4 processors :
  Max Mhz: 3201, Current Mhz: 3201, Mhz Limit: 3201

Memory: 4k page, system-wide physical 8103M (1372M free)
TotalPageFile size 32679M (AvailPageFile size 1M)
current process WorkingSet (physical memory assigned to process): 64M, peak: 70M
current process commit charge ("private bytes"): 212M, peak: 217M

vm_info: OpenJDK 64-Bit Server VM (17.0.9+9) for windows-amd64 JRE (17.0.9+9), built on Oct 26 2023 14:01:42 by "admin" with MS VC++ 16.10 / 16.11 (VS2019)

END.
