#
# There is insufficient memory for the Java Runtime Environment to continue.
# Native memory allocation (malloc) failed to allocate 32744 bytes for ChunkPool::allocate
# Possible reasons:
#   The system is out of physical RAM or swap space
#   The process is running with CompressedOops enabled, and the Java Heap may be blocking the growth of the native heap
# Possible solutions:
#   Reduce memory load on the system
#   Increase physical memory or swap space
#   Check if swap backing store is full
#   Decrease Java heap size (-Xmx/-Xms)
#   Decrease number of Java threads
#   Decrease Java thread stack sizes (-Xss)
#   Set larger code cache with -XX:ReservedCodeCacheSize=
#   JVM is running with Unscaled Compressed Oops mode in which the Java heap is
#     placed in the first 4GB address space. The Java Heap base address is the
#     maximum limit for the native heap growth. Please use -XX:HeapBaseMinAddress
#     to set the Java Heap base and to place the Java Heap above 4GB virtual address.
# This output file may be truncated or incomplete.
#
#  Out of Memory Error (arena.cpp:79), pid=16836, tid=2788
#
# JRE version: OpenJDK Runtime Environment Temurin-17.0.9+9 (17.0.9+9) (build 17.0.9+9)
# Java VM: OpenJDK 64-Bit Server VM Temurin-17.0.9+9 (17.0.9+9, mixed mode, tiered, compressed oops, compressed class ptrs, g1 gc, windows-amd64)
# No core dump will be written. Minidumps are not enabled by default on client versions of Windows
#

---------------  S U M M A R Y ------------

Command Line: -Dfile.encoding=UTF-8 -Dstdout.encoding=UTF-8 -Dstderr.encoding=UTF-8 --module-path=C:\Users\Alex(admin haha)\final-project\finalProject\bin -XX:+ShowCodeDetailsInExceptionMessages -Djdk.module.main=finalProject finalProject/finalProject.Game

Host: Intel(R) Core(TM) i5-4570 CPU @ 3.20GHz, 4 cores, 7G,  Windows 10 , 64 bit Build 19041 (10.0.19041.3031)
Time: Sun Nov 26 01:34:24 2023 Mountain Standard Time elapsed time: 1396.636134 seconds (0d 0h 23m 16s)

---------------  T H R E A D  ---------------

Current thread (0x0000026461461eb0):  JavaThread "C2 CompilerThread0" daemon [_thread_in_native, id=2788, stack(0x000000ae51100000,0x000000ae51200000)]


Current CompileTask:
C2:1396636 1106       4       java.util.Arrays::binarySearch0 (95 bytes)

Stack: [0x000000ae51100000,0x000000ae51200000]
Native frames: (J=compiled Java code, j=interpreted, Vv=VM code, C=native code)
V  [jvm.dll+0x67cf49]
V  [jvm.dll+0x83478a]
V  [jvm.dll+0x83624e]
V  [jvm.dll+0x8368b3]
V  [jvm.dll+0x247f1f]
V  [jvm.dll+0xac65c]
V  [jvm.dll+0xaca8c]
V  [jvm.dll+0x11ef58]
V  [jvm.dll+0x6a6939]
V  [jvm.dll+0x1bd7ee]
V  [jvm.dll+0x21a709]
V  [jvm.dll+0x2199d1]
V  [jvm.dll+0x1a57cd]
V  [jvm.dll+0x2297ae]
V  [jvm.dll+0x22797c]
V  [jvm.dll+0x7e9877]
V  [jvm.dll+0x7e3c3a]
V  [jvm.dll+0x67be35]
C  [ucrtbase.dll+0x21bb2]
C  [KERNEL32.DLL+0x17614]
C  [ntdll.dll+0x526f1]


---------------  P R O C E S S  ---------------

Threads class SMR info:
_java_thread_list=0x0000026466018cf0, length=17, elements={
0x0000026461307c10, 0x00000264613094b0, 0x0000026461334e90, 0x0000026461336a60,
0x000002646145c010, 0x000002646145d520, 0x0000026461461eb0, 0x0000026461463100,
0x000002646146e2e0, 0x000002646128ec30, 0x0000026461694f00, 0x000002646604cae0,
0x000002646609c020, 0x000002646604efd0, 0x00000264661a3300, 0x000002646623c010,
0x000002646623d450
}

Java Threads: ( => current thread )
  0x0000026461307c10 JavaThread "Reference Handler" daemon [_thread_blocked, id=21140, stack(0x000000ae50b00000,0x000000ae50c00000)]
  0x00000264613094b0 JavaThread "Finalizer" daemon [_thread_blocked, id=18420, stack(0x000000ae50c00000,0x000000ae50d00000)]
  0x0000026461334e90 JavaThread "Signal Dispatcher" daemon [_thread_blocked, id=13712, stack(0x000000ae50d00000,0x000000ae50e00000)]
  0x0000026461336a60 JavaThread "Attach Listener" daemon [_thread_blocked, id=11112, stack(0x000000ae50e00000,0x000000ae50f00000)]
  0x000002646145c010 JavaThread "Service Thread" daemon [_thread_blocked, id=680, stack(0x000000ae50f00000,0x000000ae51000000)]
  0x000002646145d520 JavaThread "Monitor Deflation Thread" daemon [_thread_blocked, id=29020, stack(0x000000ae51000000,0x000000ae51100000)]
=>0x0000026461461eb0 JavaThread "C2 CompilerThread0" daemon [_thread_in_native, id=2788, stack(0x000000ae51100000,0x000000ae51200000)]
  0x0000026461463100 JavaThread "C1 CompilerThread0" daemon [_thread_blocked, id=14264, stack(0x000000ae51200000,0x000000ae51300000)]
  0x000002646146e2e0 JavaThread "Sweeper thread" daemon [_thread_blocked, id=19652, stack(0x000000ae51300000,0x000000ae51400000)]
  0x000002646128ec30 JavaThread "Common-Cleaner" daemon [_thread_blocked, id=29052, stack(0x000000ae51400000,0x000000ae51500000)]
  0x0000026461694f00 JavaThread "Notification Thread" daemon [_thread_blocked, id=29584, stack(0x000000ae51500000,0x000000ae51600000)]
  0x000002646604cae0 JavaThread "Java2D Disposer" daemon [_thread_blocked, id=6828, stack(0x000000ae51700000,0x000000ae51800000)]
  0x000002646609c020 JavaThread "AWT-Shutdown" [_thread_blocked, id=11776, stack(0x000000ae51800000,0x000000ae51900000)]
  0x000002646604efd0 JavaThread "AWT-Windows" daemon [_thread_in_native, id=3724, stack(0x000000ae51900000,0x000000ae51a00000)]
  0x00000264661a3300 JavaThread "AWT-EventQueue-0" [_thread_blocked, id=8348, stack(0x000000ae51a00000,0x000000ae51b00000)]
  0x000002646623c010 JavaThread "DestroyJavaVM" [_thread_blocked, id=25648, stack(0x000000ae50400000,0x000000ae50500000)]
  0x000002646623d450 JavaThread "TimerQueue" daemon [_thread_blocked, id=19092, stack(0x000000ae51e00000,0x000000ae51f00000)]

Other Threads:
  0x0000026461300f00 VMThread "VM Thread" [stack: 0x000000ae50a00000,0x000000ae50b00000] [id=20876]
  0x00000264616953e0 WatcherThread [stack: 0x000000ae51600000,0x000000ae51700000] [id=14964]
  0x0000026447c2ee70 GCTaskThread "GC Thread#0" [stack: 0x000000ae50500000,0x000000ae50600000] [id=20584]
  0x0000026447c426c0 ConcurrentGCThread "G1 Main Marker" [stack: 0x000000ae50600000,0x000000ae50700000] [id=6624]
  0x0000026447c430e0 ConcurrentGCThread "G1 Conc#0" [stack: 0x000000ae50700000,0x000000ae50800000] [id=29604]
  0x0000026447c97400 ConcurrentGCThread "G1 Refine#0" [stack: 0x000000ae50800000,0x000000ae50900000] [id=4976]
  0x0000026461160c40 ConcurrentGCThread "G1 Service" [stack: 0x000000ae50900000,0x000000ae50a00000] [id=29436]

Threads with active compile tasks:
C2 CompilerThread0  1396666 1106       4       java.util.Arrays::binarySearch0 (95 bytes)

VM state: not at safepoint (normal execution)

VM Mutex/Monitor currently owned by a thread: None

Heap address: 0x0000000081600000, size: 2026 MB, Compressed Oops mode: 32-bit

CDS archive(s) not mapped
Compressed class space mapped at: 0x0000000100000000-0x0000000140000000, reserved size: 1073741824
Narrow klass base: 0x0000000000000000, Narrow klass shift: 3, Narrow klass range: 0x140000000

GC Precious Log:
 CPUs: 4 total, 4 available
 Memory: 8103M
 Large Page Support: Disabled
 NUMA Support: Disabled
 Compressed Oops: Enabled (32-bit)
 Heap Region Size: 1M
 Heap Min Capacity: 8M
 Heap Initial Capacity: 128M
 Heap Max Capacity: 2026M
 Pre-touch: Disabled
 Parallel Workers: 4
 Concurrent Workers: 1
 Concurrent Refinement Workers: 4
 Periodic GC: Disabled

Heap:
 garbage-first heap   total 131072K, used 9216K [0x0000000081600000, 0x0000000100000000)
  region size 1024K, 8 young (8192K), 0 survivors (0K)
 Metaspace       used 14748K, committed 14912K, reserved 1114112K
  class space    used 1472K, committed 1536K, reserved 1048576K

Heap Regions: E=young(eden), S=young(survivor), O=old, HS=humongous(starts), HC=humongous(continues), CS=collection set, F=free, OA=open archive, CA=closed archive, TAMS=top-at-mark-start (previous, next)
|   0|0x0000000081600000, 0x0000000081700000, 0x0000000081700000|100%|HS|  |TAMS 0x0000000081600000, 0x0000000081600000| Complete 
|   1|0x0000000081700000, 0x0000000081800000, 0x0000000081800000|100%|HC|  |TAMS 0x0000000081700000, 0x0000000081700000| Complete 
|   2|0x0000000081800000, 0x0000000081800000, 0x0000000081900000|  0%| F|  |TAMS 0x0000000081800000, 0x0000000081800000| Untracked 
|   3|0x0000000081900000, 0x0000000081900000, 0x0000000081a00000|  0%| F|  |TAMS 0x0000000081900000, 0x0000000081900000| Untracked 
|   4|0x0000000081a00000, 0x0000000081a00000, 0x0000000081b00000|  0%| F|  |TAMS 0x0000000081a00000, 0x0000000081a00000| Untracked 
|   5|0x0000000081b00000, 0x0000000081b00000, 0x0000000081c00000|  0%| F|  |TAMS 0x0000000081b00000, 0x0000000081b00000| Untracked 
|   6|0x0000000081c00000, 0x0000000081c00000, 0x0000000081d00000|  0%| F|  |TAMS 0x0000000081c00000, 0x0000000081c00000| Untracked 
|   7|0x0000000081d00000, 0x0000000081d00000, 0x0000000081e00000|  0%| F|  |TAMS 0x0000000081d00000, 0x0000000081d00000| Untracked 
|   8|0x0000000081e00000, 0x0000000081e00000, 0x0000000081f00000|  0%| F|  |TAMS 0x0000000081e00000, 0x0000000081e00000| Untracked 
|   9|0x0000000081f00000, 0x0000000081f00000, 0x0000000082000000|  0%| F|  |TAMS 0x0000000081f00000, 0x0000000081f00000| Untracked 
|  10|0x0000000082000000, 0x0000000082000000, 0x0000000082100000|  0%| F|  |TAMS 0x0000000082000000, 0x0000000082000000| Untracked 
|  11|0x0000000082100000, 0x0000000082100000, 0x0000000082200000|  0%| F|  |TAMS 0x0000000082100000, 0x0000000082100000| Untracked 
|  12|0x0000000082200000, 0x0000000082200000, 0x0000000082300000|  0%| F|  |TAMS 0x0000000082200000, 0x0000000082200000| Untracked 
|  13|0x0000000082300000, 0x0000000082300000, 0x0000000082400000|  0%| F|  |TAMS 0x0000000082300000, 0x0000000082300000| Untracked 
|  14|0x0000000082400000, 0x0000000082400000, 0x0000000082500000|  0%| F|  |TAMS 0x0000000082400000, 0x0000000082400000| Untracked 
|  15|0x0000000082500000, 0x0000000082500000, 0x0000000082600000|  0%| F|  |TAMS 0x0000000082500000, 0x0000000082500000| Untracked 
|  16|0x0000000082600000, 0x0000000082600000, 0x0000000082700000|  0%| F|  |TAMS 0x0000000082600000, 0x0000000082600000| Untracked 
|  17|0x0000000082700000, 0x0000000082700000, 0x0000000082800000|  0%| F|  |TAMS 0x0000000082700000, 0x0000000082700000| Untracked 
|  18|0x0000000082800000, 0x0000000082800000, 0x0000000082900000|  0%| F|  |TAMS 0x0000000082800000, 0x0000000082800000| Untracked 
|  19|0x0000000082900000, 0x0000000082900000, 0x0000000082a00000|  0%| F|  |TAMS 0x0000000082900000, 0x0000000082900000| Untracked 
|  20|0x0000000082a00000, 0x0000000082a00000, 0x0000000082b00000|  0%| F|  |TAMS 0x0000000082a00000, 0x0000000082a00000| Untracked 
|  21|0x0000000082b00000, 0x0000000082b00000, 0x0000000082c00000|  0%| F|  |TAMS 0x0000000082b00000, 0x0000000082b00000| Untracked 
|  22|0x0000000082c00000, 0x0000000082c00000, 0x0000000082d00000|  0%| F|  |TAMS 0x0000000082c00000, 0x0000000082c00000| Untracked 
|  23|0x0000000082d00000, 0x0000000082d00000, 0x0000000082e00000|  0%| F|  |TAMS 0x0000000082d00000, 0x0000000082d00000| Untracked 
|  24|0x0000000082e00000, 0x0000000082e00000, 0x0000000082f00000|  0%| F|  |TAMS 0x0000000082e00000, 0x0000000082e00000| Untracked 
|  25|0x0000000082f00000, 0x0000000082f00000, 0x0000000083000000|  0%| F|  |TAMS 0x0000000082f00000, 0x0000000082f00000| Untracked 
|  26|0x0000000083000000, 0x0000000083000000, 0x0000000083100000|  0%| F|  |TAMS 0x0000000083000000, 0x0000000083000000| Untracked 
|  27|0x0000000083100000, 0x0000000083100000, 0x0000000083200000|  0%| F|  |TAMS 0x0000000083100000, 0x0000000083100000| Untracked 
|  28|0x0000000083200000, 0x0000000083200000, 0x0000000083300000|  0%| F|  |TAMS 0x0000000083200000, 0x0000000083200000| Untracked 
|  29|0x0000000083300000, 0x0000000083300000, 0x0000000083400000|  0%| F|  |TAMS 0x0000000083300000, 0x0000000083300000| Untracked 
|  30|0x0000000083400000, 0x0000000083400000, 0x0000000083500000|  0%| F|  |TAMS 0x0000000083400000, 0x0000000083400000| Untracked 
|  31|0x0000000083500000, 0x0000000083500000, 0x0000000083600000|  0%| F|  |TAMS 0x0000000083500000, 0x0000000083500000| Untracked 
|  32|0x0000000083600000, 0x0000000083600000, 0x0000000083700000|  0%| F|  |TAMS 0x0000000083600000, 0x0000000083600000| Untracked 
|  33|0x0000000083700000, 0x0000000083700000, 0x0000000083800000|  0%| F|  |TAMS 0x0000000083700000, 0x0000000083700000| Untracked 
|  34|0x0000000083800000, 0x0000000083800000, 0x0000000083900000|  0%| F|  |TAMS 0x0000000083800000, 0x0000000083800000| Untracked 
|  35|0x0000000083900000, 0x0000000083900000, 0x0000000083a00000|  0%| F|  |TAMS 0x0000000083900000, 0x0000000083900000| Untracked 
|  36|0x0000000083a00000, 0x0000000083a00000, 0x0000000083b00000|  0%| F|  |TAMS 0x0000000083a00000, 0x0000000083a00000| Untracked 
|  37|0x0000000083b00000, 0x0000000083b00000, 0x0000000083c00000|  0%| F|  |TAMS 0x0000000083b00000, 0x0000000083b00000| Untracked 
|  38|0x0000000083c00000, 0x0000000083c00000, 0x0000000083d00000|  0%| F|  |TAMS 0x0000000083c00000, 0x0000000083c00000| Untracked 
|  39|0x0000000083d00000, 0x0000000083d00000, 0x0000000083e00000|  0%| F|  |TAMS 0x0000000083d00000, 0x0000000083d00000| Untracked 
|  40|0x0000000083e00000, 0x0000000083e00000, 0x0000000083f00000|  0%| F|  |TAMS 0x0000000083e00000, 0x0000000083e00000| Untracked 
|  41|0x0000000083f00000, 0x0000000083f00000, 0x0000000084000000|  0%| F|  |TAMS 0x0000000083f00000, 0x0000000083f00000| Untracked 
|  42|0x0000000084000000, 0x0000000084000000, 0x0000000084100000|  0%| F|  |TAMS 0x0000000084000000, 0x0000000084000000| Untracked 
|  43|0x0000000084100000, 0x0000000084100000, 0x0000000084200000|  0%| F|  |TAMS 0x0000000084100000, 0x0000000084100000| Untracked 
|  44|0x0000000084200000, 0x0000000084200000, 0x0000000084300000|  0%| F|  |TAMS 0x0000000084200000, 0x0000000084200000| Untracked 
|  45|0x0000000084300000, 0x0000000084300000, 0x0000000084400000|  0%| F|  |TAMS 0x0000000084300000, 0x0000000084300000| Untracked 
|  46|0x0000000084400000, 0x0000000084400000, 0x0000000084500000|  0%| F|  |TAMS 0x0000000084400000, 0x0000000084400000| Untracked 
|  47|0x0000000084500000, 0x0000000084500000, 0x0000000084600000|  0%| F|  |TAMS 0x0000000084500000, 0x0000000084500000| Untracked 
|  48|0x0000000084600000, 0x0000000084600000, 0x0000000084700000|  0%| F|  |TAMS 0x0000000084600000, 0x0000000084600000| Untracked 
|  49|0x0000000084700000, 0x0000000084700000, 0x0000000084800000|  0%| F|  |TAMS 0x0000000084700000, 0x0000000084700000| Untracked 
|  50|0x0000000084800000, 0x0000000084800000, 0x0000000084900000|  0%| F|  |TAMS 0x0000000084800000, 0x0000000084800000| Untracked 
|  51|0x0000000084900000, 0x0000000084900000, 0x0000000084a00000|  0%| F|  |TAMS 0x0000000084900000, 0x0000000084900000| Untracked 
|  52|0x0000000084a00000, 0x0000000084a00000, 0x0000000084b00000|  0%| F|  |TAMS 0x0000000084a00000, 0x0000000084a00000| Untracked 
|  53|0x0000000084b00000, 0x0000000084b00000, 0x0000000084c00000|  0%| F|  |TAMS 0x0000000084b00000, 0x0000000084b00000| Untracked 
|  54|0x0000000084c00000, 0x0000000084c00000, 0x0000000084d00000|  0%| F|  |TAMS 0x0000000084c00000, 0x0000000084c00000| Untracked 
|  55|0x0000000084d00000, 0x0000000084d00000, 0x0000000084e00000|  0%| F|  |TAMS 0x0000000084d00000, 0x0000000084d00000| Untracked 
|  56|0x0000000084e00000, 0x0000000084e00000, 0x0000000084f00000|  0%| F|  |TAMS 0x0000000084e00000, 0x0000000084e00000| Untracked 
|  57|0x0000000084f00000, 0x0000000084f00000, 0x0000000085000000|  0%| F|  |TAMS 0x0000000084f00000, 0x0000000084f00000| Untracked 
|  58|0x0000000085000000, 0x0000000085000000, 0x0000000085100000|  0%| F|  |TAMS 0x0000000085000000, 0x0000000085000000| Untracked 
|  59|0x0000000085100000, 0x0000000085100000, 0x0000000085200000|  0%| F|  |TAMS 0x0000000085100000, 0x0000000085100000| Untracked 
|  60|0x0000000085200000, 0x0000000085200000, 0x0000000085300000|  0%| F|  |TAMS 0x0000000085200000, 0x0000000085200000| Untracked 
|  61|0x0000000085300000, 0x0000000085300000, 0x0000000085400000|  0%| F|  |TAMS 0x0000000085300000, 0x0000000085300000| Untracked 
|  62|0x0000000085400000, 0x0000000085400000, 0x0000000085500000|  0%| F|  |TAMS 0x0000000085400000, 0x0000000085400000| Untracked 
|  63|0x0000000085500000, 0x0000000085500000, 0x0000000085600000|  0%| F|  |TAMS 0x0000000085500000, 0x0000000085500000| Untracked 
|  64|0x0000000085600000, 0x0000000085600000, 0x0000000085700000|  0%| F|  |TAMS 0x0000000085600000, 0x0000000085600000| Untracked 
|  65|0x0000000085700000, 0x0000000085700000, 0x0000000085800000|  0%| F|  |TAMS 0x0000000085700000, 0x0000000085700000| Untracked 
|  66|0x0000000085800000, 0x0000000085800000, 0x0000000085900000|  0%| F|  |TAMS 0x0000000085800000, 0x0000000085800000| Untracked 
|  67|0x0000000085900000, 0x0000000085900000, 0x0000000085a00000|  0%| F|  |TAMS 0x0000000085900000, 0x0000000085900000| Untracked 
|  68|0x0000000085a00000, 0x0000000085a00000, 0x0000000085b00000|  0%| F|  |TAMS 0x0000000085a00000, 0x0000000085a00000| Untracked 
|  69|0x0000000085b00000, 0x0000000085b00000, 0x0000000085c00000|  0%| F|  |TAMS 0x0000000085b00000, 0x0000000085b00000| Untracked 
|  70|0x0000000085c00000, 0x0000000085c00000, 0x0000000085d00000|  0%| F|  |TAMS 0x0000000085c00000, 0x0000000085c00000| Untracked 
|  71|0x0000000085d00000, 0x0000000085d00000, 0x0000000085e00000|  0%| F|  |TAMS 0x0000000085d00000, 0x0000000085d00000| Untracked 
|  72|0x0000000085e00000, 0x0000000085e00000, 0x0000000085f00000|  0%| F|  |TAMS 0x0000000085e00000, 0x0000000085e00000| Untracked 
|  73|0x0000000085f00000, 0x0000000085f00000, 0x0000000086000000|  0%| F|  |TAMS 0x0000000085f00000, 0x0000000085f00000| Untracked 
|  74|0x0000000086000000, 0x0000000086000000, 0x0000000086100000|  0%| F|  |TAMS 0x0000000086000000, 0x0000000086000000| Untracked 
|  75|0x0000000086100000, 0x0000000086100000, 0x0000000086200000|  0%| F|  |TAMS 0x0000000086100000, 0x0000000086100000| Untracked 
|  76|0x0000000086200000, 0x0000000086200000, 0x0000000086300000|  0%| F|  |TAMS 0x0000000086200000, 0x0000000086200000| Untracked 
|  77|0x0000000086300000, 0x0000000086300000, 0x0000000086400000|  0%| F|  |TAMS 0x0000000086300000, 0x0000000086300000| Untracked 
|  78|0x0000000086400000, 0x0000000086400000, 0x0000000086500000|  0%| F|  |TAMS 0x0000000086400000, 0x0000000086400000| Untracked 
|  79|0x0000000086500000, 0x0000000086500000, 0x0000000086600000|  0%| F|  |TAMS 0x0000000086500000, 0x0000000086500000| Untracked 
|  80|0x0000000086600000, 0x0000000086600000, 0x0000000086700000|  0%| F|  |TAMS 0x0000000086600000, 0x0000000086600000| Untracked 
|  81|0x0000000086700000, 0x0000000086700000, 0x0000000086800000|  0%| F|  |TAMS 0x0000000086700000, 0x0000000086700000| Untracked 
|  82|0x0000000086800000, 0x0000000086800000, 0x0000000086900000|  0%| F|  |TAMS 0x0000000086800000, 0x0000000086800000| Untracked 
|  83|0x0000000086900000, 0x0000000086900000, 0x0000000086a00000|  0%| F|  |TAMS 0x0000000086900000, 0x0000000086900000| Untracked 
|  84|0x0000000086a00000, 0x0000000086a00000, 0x0000000086b00000|  0%| F|  |TAMS 0x0000000086a00000, 0x0000000086a00000| Untracked 
|  85|0x0000000086b00000, 0x0000000086b00000, 0x0000000086c00000|  0%| F|  |TAMS 0x0000000086b00000, 0x0000000086b00000| Untracked 
|  86|0x0000000086c00000, 0x0000000086c00000, 0x0000000086d00000|  0%| F|  |TAMS 0x0000000086c00000, 0x0000000086c00000| Untracked 
|  87|0x0000000086d00000, 0x0000000086d00000, 0x0000000086e00000|  0%| F|  |TAMS 0x0000000086d00000, 0x0000000086d00000| Untracked 
|  88|0x0000000086e00000, 0x0000000086e00000, 0x0000000086f00000|  0%| F|  |TAMS 0x0000000086e00000, 0x0000000086e00000| Untracked 
|  89|0x0000000086f00000, 0x0000000086f00000, 0x0000000087000000|  0%| F|  |TAMS 0x0000000086f00000, 0x0000000086f00000| Untracked 
|  90|0x0000000087000000, 0x0000000087000000, 0x0000000087100000|  0%| F|  |TAMS 0x0000000087000000, 0x0000000087000000| Untracked 
|  91|0x0000000087100000, 0x0000000087100000, 0x0000000087200000|  0%| F|  |TAMS 0x0000000087100000, 0x0000000087100000| Untracked 
|  92|0x0000000087200000, 0x0000000087200000, 0x0000000087300000|  0%| F|  |TAMS 0x0000000087200000, 0x0000000087200000| Untracked 
|  93|0x0000000087300000, 0x0000000087300000, 0x0000000087400000|  0%| F|  |TAMS 0x0000000087300000, 0x0000000087300000| Untracked 
|  94|0x0000000087400000, 0x0000000087400000, 0x0000000087500000|  0%| F|  |TAMS 0x0000000087400000, 0x0000000087400000| Untracked 
|  95|0x0000000087500000, 0x0000000087500000, 0x0000000087600000|  0%| F|  |TAMS 0x0000000087500000, 0x0000000087500000| Untracked 
|  96|0x0000000087600000, 0x0000000087600000, 0x0000000087700000|  0%| F|  |TAMS 0x0000000087600000, 0x0000000087600000| Untracked 
|  97|0x0000000087700000, 0x0000000087700000, 0x0000000087800000|  0%| F|  |TAMS 0x0000000087700000, 0x0000000087700000| Untracked 
|  98|0x0000000087800000, 0x0000000087800000, 0x0000000087900000|  0%| F|  |TAMS 0x0000000087800000, 0x0000000087800000| Untracked 
|  99|0x0000000087900000, 0x0000000087900000, 0x0000000087a00000|  0%| F|  |TAMS 0x0000000087900000, 0x0000000087900000| Untracked 
| 100|0x0000000087a00000, 0x0000000087a00000, 0x0000000087b00000|  0%| F|  |TAMS 0x0000000087a00000, 0x0000000087a00000| Untracked 
| 101|0x0000000087b00000, 0x0000000087b00000, 0x0000000087c00000|  0%| F|  |TAMS 0x0000000087b00000, 0x0000000087b00000| Untracked 
| 102|0x0000000087c00000, 0x0000000087c00000, 0x0000000087d00000|  0%| F|  |TAMS 0x0000000087c00000, 0x0000000087c00000| Untracked 
| 103|0x0000000087d00000, 0x0000000087d00000, 0x0000000087e00000|  0%| F|  |TAMS 0x0000000087d00000, 0x0000000087d00000| Untracked 
| 104|0x0000000087e00000, 0x0000000087e00000, 0x0000000087f00000|  0%| F|  |TAMS 0x0000000087e00000, 0x0000000087e00000| Untracked 
| 105|0x0000000087f00000, 0x0000000087f00000, 0x0000000088000000|  0%| F|  |TAMS 0x0000000087f00000, 0x0000000087f00000| Untracked 
| 106|0x0000000088000000, 0x0000000088000000, 0x0000000088100000|  0%| F|  |TAMS 0x0000000088000000, 0x0000000088000000| Untracked 
| 107|0x0000000088100000, 0x0000000088100000, 0x0000000088200000|  0%| F|  |TAMS 0x0000000088100000, 0x0000000088100000| Untracked 
| 108|0x0000000088200000, 0x0000000088200000, 0x0000000088300000|  0%| F|  |TAMS 0x0000000088200000, 0x0000000088200000| Untracked 
| 109|0x0000000088300000, 0x0000000088300000, 0x0000000088400000|  0%| F|  |TAMS 0x0000000088300000, 0x0000000088300000| Untracked 
| 110|0x0000000088400000, 0x0000000088400000, 0x0000000088500000|  0%| F|  |TAMS 0x0000000088400000, 0x0000000088400000| Untracked 
| 111|0x0000000088500000, 0x0000000088500000, 0x0000000088600000|  0%| F|  |TAMS 0x0000000088500000, 0x0000000088500000| Untracked 
| 112|0x0000000088600000, 0x0000000088600000, 0x0000000088700000|  0%| F|  |TAMS 0x0000000088600000, 0x0000000088600000| Untracked 
| 113|0x0000000088700000, 0x0000000088700000, 0x0000000088800000|  0%| F|  |TAMS 0x0000000088700000, 0x0000000088700000| Untracked 
| 114|0x0000000088800000, 0x0000000088800000, 0x0000000088900000|  0%| F|  |TAMS 0x0000000088800000, 0x0000000088800000| Untracked 
| 115|0x0000000088900000, 0x0000000088900000, 0x0000000088a00000|  0%| F|  |TAMS 0x0000000088900000, 0x0000000088900000| Untracked 
| 116|0x0000000088a00000, 0x0000000088a00000, 0x0000000088b00000|  0%| F|  |TAMS 0x0000000088a00000, 0x0000000088a00000| Untracked 
| 117|0x0000000088b00000, 0x0000000088b00000, 0x0000000088c00000|  0%| F|  |TAMS 0x0000000088b00000, 0x0000000088b00000| Untracked 
| 118|0x0000000088c00000, 0x0000000088c00000, 0x0000000088d00000|  0%| F|  |TAMS 0x0000000088c00000, 0x0000000088c00000| Untracked 
| 119|0x0000000088d00000, 0x0000000088d00000, 0x0000000088e00000|  0%| F|  |TAMS 0x0000000088d00000, 0x0000000088d00000| Untracked 
| 120|0x0000000088e00000, 0x0000000088e43200, 0x0000000088f00000| 26%| E|  |TAMS 0x0000000088e00000, 0x0000000088e00000| Complete 
| 121|0x0000000088f00000, 0x0000000089000000, 0x0000000089000000|100%| E|CS|TAMS 0x0000000088f00000, 0x0000000088f00000| Complete 
| 122|0x0000000089000000, 0x0000000089100000, 0x0000000089100000|100%| E|CS|TAMS 0x0000000089000000, 0x0000000089000000| Complete 
| 123|0x0000000089100000, 0x0000000089200000, 0x0000000089200000|100%| E|CS|TAMS 0x0000000089100000, 0x0000000089100000| Complete 
| 124|0x0000000089200000, 0x0000000089300000, 0x0000000089300000|100%| E|CS|TAMS 0x0000000089200000, 0x0000000089200000| Complete 
| 125|0x0000000089300000, 0x0000000089400000, 0x0000000089400000|100%| E|CS|TAMS 0x0000000089300000, 0x0000000089300000| Complete 
| 126|0x0000000089400000, 0x0000000089500000, 0x0000000089500000|100%| E|CS|TAMS 0x0000000089400000, 0x0000000089400000| Complete 
| 127|0x0000000089500000, 0x0000000089600000, 0x0000000089600000|100%| E|CS|TAMS 0x0000000089500000, 0x0000000089500000| Complete 

Card table byte_map: [0x000002645a6b0000,0x000002645aab0000] _byte_map_base: 0x000002645a2a5000

Marking Bits (Prev, Next): (CMBitMap*) 0x0000026447c2f490, (CMBitMap*) 0x0000026447c2f4d0
 Prev Bits: [0x000002645aeb0000, 0x000002645ce58000)
 Next Bits: [0x000002645ce60000, 0x000002645ee08000)

Polling page: 0x00000264473a0000

Metaspace:

Usage:
  Non-class:     12.96 MB used.
      Class:      1.44 MB used.
       Both:     14.40 MB used.

Virtual space:
  Non-class space:       64.00 MB reserved,      13.06 MB ( 20%) committed,  1 nodes.
      Class space:        1.00 GB reserved,       1.50 MB ( <1%) committed,  1 nodes.
             Both:        1.06 GB reserved,      14.56 MB (  1%) committed. 

Chunk freelists:
   Non-Class:  2.98 MB
       Class:  14.52 MB
        Both:  17.51 MB

MaxMetaspaceSize: unlimited
CompressedClassSpaceSize: 1.00 GB
Initial GC threshold: 21.00 MB
Current GC threshold: 21.00 MB
CDS: off
MetaspaceReclaimPolicy: balanced
 - commit_granule_bytes: 65536.
 - commit_granule_words: 8192.
 - virtual_space_node_default_size: 8388608.
 - enlarge_chunks_in_place: 1.
 - new_chunks_are_fully_committed: 0.
 - uncommit_free_chunks: 1.
 - use_allocation_guard: 0.
 - handle_deallocations: 1.


Internal statistics:

num_allocs_failed_limit: 0.
num_arena_births: 108.
num_arena_deaths: 0.
num_vsnodes_births: 2.
num_vsnodes_deaths: 0.
num_space_committed: 233.
num_space_uncommitted: 0.
num_chunks_returned_to_freelist: 0.
num_chunks_taken_from_freelist: 159.
num_chunk_merges: 0.
num_chunk_splits: 91.
num_chunks_enlarged: 48.
num_inconsistent_stats: 0.

CodeHeap 'non-profiled nmethods': size=120000Kb used=273Kb max_used=273Kb free=119726Kb
 bounds [0x0000026452d80000, 0x0000026452ff0000, 0x000002645a2b0000]
CodeHeap 'profiled nmethods': size=120000Kb used=1926Kb max_used=1926Kb free=118074Kb
 bounds [0x000002644b2b0000, 0x000002644b520000, 0x00000264527e0000]
CodeHeap 'non-nmethods': size=5760Kb used=1263Kb max_used=1281Kb free=4496Kb
 bounds [0x00000264527e0000, 0x0000026452a50000, 0x0000026452d80000]
 total_blobs=1695 nmethods=1105 adapters=503
 compilation: enabled
              stopped_count=0, restarted_count=0
 full_count=0

Compilation events (20 events):
Event: 25.063 Thread 0x0000026461463100 nmethod 1096 0x000002644b48d890 code [0x000002644b48da60, 0x000002644b48ddb8]
Event: 25.063 Thread 0x0000026461463100 1097       3       sun.java2d.SunGraphics2D::validatePipe (30 bytes)
Event: 25.064 Thread 0x0000026461463100 nmethod 1097 0x000002644b48df10 code [0x000002644b48e0c0, 0x000002644b48e3b8]
Event: 25.577 Thread 0x0000026461463100 1098       3       javax.swing.JComponent::isDoubleBuffered (6 bytes)
Event: 25.578 Thread 0x0000026461463100 nmethod 1098 0x000002644b48e510 code [0x000002644b48e6a0, 0x000002644b48e878]
Event: 25.578 Thread 0x0000026461463100 1100       3       sun.java2d.SunGraphics2D::constrain (216 bytes)
Event: 25.580 Thread 0x0000026461463100 nmethod 1100 0x000002644b48e910 code [0x000002644b48eba0, 0x000002644b48f578]
Event: 25.580 Thread 0x0000026461463100 1099       3       javax.swing.JComponent::getGraphics (33 bytes)
Event: 25.581 Thread 0x0000026461463100 nmethod 1099 0x000002644b48f990 code [0x000002644b48fb80, 0x000002644b48ff38]
Event: 26.090 Thread 0x0000026461463100 1101  s    3       sun.font.FontManagerFactory::getInstance (25 bytes)
Event: 26.091 Thread 0x0000026461463100 nmethod 1101 0x000002644b490090 code [0x000002644b490280, 0x000002644b4907f8]
Event: 26.091 Thread 0x0000026461463100 1102       3       javax.swing.text.BoxView::getOffset (24 bytes)
Event: 26.091 Thread 0x0000026461463100 nmethod 1102 0x000002644b490a10 code [0x000002644b490ba0, 0x000002644b490d38]
Event: 26.091 Thread 0x0000026461463100 1103       3       javax.swing.text.BoxView::getSpan (24 bytes)
Event: 26.091 Thread 0x0000026461463100 nmethod 1103 0x000002644b490e10 code [0x000002644b490fa0, 0x000002644b491138]
Event: 26.607 Thread 0x0000026461463100 1104       3       java.util.IdentityHashMap::clear (39 bytes)
Event: 26.608 Thread 0x0000026461463100 nmethod 1104 0x000002644b491210 code [0x000002644b4913c0, 0x000002644b491718]
Event: 28.064 Thread 0x0000026461463100 1105       1       sun.util.locale.StringTokenIterator::isDone (5 bytes)
Event: 28.064 Thread 0x0000026461463100 nmethod 1105 0x0000026452dc4210 code [0x0000026452dc43a0, 0x0000026452dc4478]
Event: 1396.630 Thread 0x0000026461461eb0 1106       4       java.util.Arrays::binarySearch0 (95 bytes)

GC Heap History (0 events):
No events

Dll operation events (7 events):
Event: 0.007 Loaded shared library C:\Users\Alex(admin haha)\.p2\pool\plugins\org.eclipse.justj.openjdk.hotspot.jre.full.win32.x86_64_17.0.9.v20231028-0858\jre\bin\java.dll
Event: 0.124 Loaded shared library C:\Users\Alex(admin haha)\.p2\pool\plugins\org.eclipse.justj.openjdk.hotspot.jre.full.win32.x86_64_17.0.9.v20231028-0858\jre\bin\net.dll
Event: 0.126 Loaded shared library C:\Users\Alex(admin haha)\.p2\pool\plugins\org.eclipse.justj.openjdk.hotspot.jre.full.win32.x86_64_17.0.9.v20231028-0858\jre\bin\nio.dll
Event: 0.200 Loaded shared library C:\Users\Alex(admin haha)\.p2\pool\plugins\org.eclipse.justj.openjdk.hotspot.jre.full.win32.x86_64_17.0.9.v20231028-0858\jre\bin\jimage.dll
Event: 0.206 Loaded shared library C:\Users\Alex(admin haha)\.p2\pool\plugins\org.eclipse.justj.openjdk.hotspot.jre.full.win32.x86_64_17.0.9.v20231028-0858\jre\bin\awt.dll
Event: 0.381 Loaded shared library C:\Users\Alex(admin haha)\.p2\pool\plugins\org.eclipse.justj.openjdk.hotspot.jre.full.win32.x86_64_17.0.9.v20231028-0858\jre\bin\freetype.dll
Event: 0.382 Loaded shared library C:\Users\Alex(admin haha)\.p2\pool\plugins\org.eclipse.justj.openjdk.hotspot.jre.full.win32.x86_64_17.0.9.v20231028-0858\jre\bin\fontmanager.dll

Deoptimization events (16 events):
Event: 0.171 Thread 0x0000026447bd33e0 Uncommon trap: trap_request=0xffffff45 fr.pc=0x0000026452d87a5c relative=0x000000000000005c
Event: 0.171 Thread 0x0000026447bd33e0 Uncommon trap: reason=unstable_if action=reinterpret pc=0x0000026452d87a5c method=java.lang.String.isLatin1()Z @ 10 c2
Event: 0.171 Thread 0x0000026447bd33e0 DEOPT PACKING pc=0x0000026452d87a5c sp=0x000000ae504fe530
Event: 0.171 Thread 0x0000026447bd33e0 DEOPT UNPACKING pc=0x00000264528369a3 sp=0x000000ae504fe4c0 mode 2
Event: 0.172 Thread 0x0000026447bd33e0 Uncommon trap: trap_request=0xffffff45 fr.pc=0x0000026452d88074 relative=0x0000000000000074
Event: 0.172 Thread 0x0000026447bd33e0 Uncommon trap: reason=unstable_if action=reinterpret pc=0x0000026452d88074 method=java.lang.String.isLatin1()Z @ 10 c2
Event: 0.172 Thread 0x0000026447bd33e0 DEOPT PACKING pc=0x0000026452d88074 sp=0x000000ae504fef40
Event: 0.172 Thread 0x0000026447bd33e0 DEOPT UNPACKING pc=0x00000264528369a3 sp=0x000000ae504fee80 mode 2
Event: 0.397 Thread 0x0000026447bd33e0 DEOPT PACKING pc=0x000002644b2c0be7 sp=0x000000ae504fcef0
Event: 0.397 Thread 0x0000026447bd33e0 DEOPT UNPACKING pc=0x0000026452837143 sp=0x000000ae504fc310 mode 0
Event: 0.401 Thread 0x0000026447bd33e0 Uncommon trap: trap_request=0xffffff45 fr.pc=0x0000026452d8c36c relative=0x000000000000088c
Event: 0.401 Thread 0x0000026447bd33e0 Uncommon trap: reason=unstable_if action=reinterpret pc=0x0000026452d8c36c method=java.util.HashMap.putVal(ILjava/lang/Object;Ljava/lang/Object;ZZ)Ljava/lang/Object; @ 181 c2
Event: 0.401 Thread 0x0000026447bd33e0 DEOPT PACKING pc=0x0000026452d8c36c sp=0x000000ae504fe130
Event: 0.401 Thread 0x0000026447bd33e0 DEOPT UNPACKING pc=0x00000264528369a3 sp=0x000000ae504fe0e0 mode 2
Event: 1.513 Thread 0x00000264661a3300 DEOPT PACKING pc=0x000002644b2bc6d1 sp=0x000000ae51afcfd0
Event: 1.513 Thread 0x00000264661a3300 DEOPT UNPACKING pc=0x0000026452837143 sp=0x000000ae51afc448 mode 0

Classes unloaded (0 events):
No events

Classes redefined (0 events):
No events

Internal exceptions (14 events):
Event: 0.140 Thread 0x0000026447bd33e0 Exception <a 'java/lang/NoSuchMethodError'{0x00000000894273a8}: 'void java.lang.invoke.DirectMethodHandle$Holder.invokeVirtual(java.lang.Object, java.lang.Object)'> (0x00000000894273a8) 
thrown [s\src\hotspot\share\interpreter\linkResolver.cpp, line 759]
Event: 0.188 Thread 0x0000026447bd33e0 Exception <a 'java/lang/ClassNotFoundException'{0x00000000894caee0}: sun/awt/resources/spi/awtProvider> (0x00000000894caee0) 
thrown [s\src\hotspot\share\classfile\systemDictionary.cpp, line 256]
Event: 0.223 Thread 0x0000026447bd33e0 Exception <a 'java/io/FileNotFoundException'{0x0000000089320a28}> (0x0000000089320a28) 
thrown [s\src\hotspot\share\prims\jni.cpp, line 516]
Event: 0.229 Thread 0x0000026447bd33e0 Exception <a 'java/io/FileNotFoundException'{0x000000008934dd70}> (0x000000008934dd70) 
thrown [s\src\hotspot\share\prims\jni.cpp, line 516]
Event: 0.240 Thread 0x0000026447bd33e0 Exception <a 'sun/nio/fs/WindowsException'{0x000000008935c268}> (0x000000008935c268) 
thrown [s\src\hotspot\share\prims\jni.cpp, line 516]
Event: 0.279 Thread 0x0000026447bd33e0 Exception <a 'java/lang/NoSuchMethodError'{0x0000000089394980}: 'java.lang.Object java.lang.invoke.DirectMethodHandle$Holder.invokeStaticInit(java.lang.Object)'> (0x0000000089394980) 
thrown [s\src\hotspot\share\interpreter\linkResolver.cpp, line 759]
Event: 0.314 Thread 0x0000026447bd33e0 Exception <a 'java/lang/NoSuchMethodError'{0x00000000892161b8}: 'void java.lang.invoke.DirectMethodHandle$Holder.invokeSpecial(java.lang.Object, java.lang.Object, java.lang.Object)'> (0x00000000892161b8) 
thrown [s\src\hotspot\share\interpreter\linkResolver.cpp, line 759]
Event: 0.321 Thread 0x0000026447bd33e0 Exception <a 'java/lang/NoSuchMethodError'{0x0000000089240250}: 'java.lang.Object java.lang.invoke.DirectMethodHandle$Holder.newInvokeSpecial(java.lang.Object, java.lang.Object, java.lang.Object, java.lang.Object, java.lang.Object)'> (0x0000000089240250) 
thrown [s\src\hotspot\share\interpreter\linkResolver.cpp, line 759]
Event: 0.323 Thread 0x0000026447bd33e0 Exception <a 'java/lang/NoSuchMethodError'{0x000000008924be58}: 'java.lang.Object java.lang.invoke.DirectMethodHandle$Holder.invokeStatic(java.lang.Object, int, java.lang.Object, java.lang.Object, java.lang.Object, java.lang.Object)'> (0x000000008924be58) 
thrown [s\src\hotspot\share\interpreter\linkResolver.cpp, line 759]
Event: 0.326 Thread 0x0000026447bd33e0 Exception <a 'java/lang/NoSuchMethodError'{0x0000000089271618}: 'java.lang.Object java.lang.invoke.DirectMethodHandle$Holder.invokeStatic(java.lang.Object, int, java.lang.Object)'> (0x0000000089271618) 
thrown [s\src\hotspot\share\interpreter\linkResolver.cpp, line 759]
Event: 0.346 Thread 0x0000026447bd33e0 Exception <a 'java/lang/ClassNotFoundException'{0x0000000089129568}: com/sun/swing/internal/plaf/metal/resources/spi/metalProvider> (0x0000000089129568) 
thrown [s\src\hotspot\share\classfile\systemDictionary.cpp, line 256]
Event: 0.347 Thread 0x0000026447bd33e0 Exception <a 'java/lang/ClassNotFoundException'{0x000000008912d410}: com/sun/swing/internal/plaf/basic/resources/spi/basicProvider> (0x000000008912d410) 
thrown [s\src\hotspot\share\classfile\systemDictionary.cpp, line 256]
Event: 0.444 Thread 0x0000026447bd33e0 Exception <a 'java/lang/NoSuchMethodError'{0x0000000089018ce8}: 'void java.lang.invoke.DirectMethodHandle$Holder.invokeStaticInit(java.lang.Object)'> (0x0000000089018ce8) 
thrown [s\src\hotspot\share\interpreter\linkResolver.cpp, line 759]
Event: 0.455 Thread 0x0000026447bd33e0 Exception <a 'sun/nio/fs/WindowsException'{0x0000000089046998}> (0x0000000089046998) 
thrown [s\src\hotspot\share\prims\jni.cpp, line 516]

VM Operations (20 events):
Event: 3.547 Executing VM operation: Cleanup
Event: 3.547 Executing VM operation: Cleanup done
Event: 8.606 Executing VM operation: Cleanup
Event: 8.606 Executing VM operation: Cleanup done
Event: 13.655 Executing VM operation: Cleanup
Event: 13.655 Executing VM operation: Cleanup done
Event: 14.666 Executing VM operation: Cleanup
Event: 14.666 Executing VM operation: Cleanup done
Event: 19.720 Executing VM operation: Cleanup
Event: 19.720 Executing VM operation: Cleanup done
Event: 21.746 Executing VM operation: Cleanup
Event: 21.746 Executing VM operation: Cleanup done
Event: 22.758 Executing VM operation: Cleanup
Event: 22.758 Executing VM operation: Cleanup done
Event: 25.777 Executing VM operation: Cleanup
Event: 25.777 Executing VM operation: Cleanup done
Event: 28.821 Executing VM operation: Cleanup
Event: 28.821 Executing VM operation: Cleanup done
Event: 60.176 Executing VM operation: HandshakeAllThreads
Event: 60.176 Executing VM operation: HandshakeAllThreads done

Events (20 events):
Event: 1.538 loading class java/time/temporal/TemporalUnit done
Event: 1.538 loading class java/time/temporal/ChronoUnit done
Event: 1.538 loading class java/time/Duration
Event: 1.538 loading class java/time/temporal/TemporalAmount
Event: 1.538 loading class java/time/temporal/TemporalAmount done
Event: 1.538 loading class java/time/Duration done
Event: 1.538 loading class java/math/BigInteger
Event: 1.539 loading class java/math/BigInteger done
Event: 2.044 loading class javax/swing/Timer$1
Event: 2.044 loading class javax/swing/Timer$1 done
Event: 2.413 loading class java/awt/LightweightDispatcher$2
Event: 2.413 loading class java/awt/LightweightDispatcher$2 done
Event: 1396.628 loading class java/util/Collections$SynchronizedSet
Event: 1396.628 loading class java/util/Collections$SynchronizedSet done
Event: 1396.628 loading class java/util/WeakHashMap$KeyIterator
Event: 1396.628 loading class java/util/WeakHashMap$HashIterator
Event: 1396.628 loading class java/util/WeakHashMap$HashIterator done
Event: 1396.628 loading class java/util/WeakHashMap$KeyIterator done
Event: 1396.629 loading class javax/swing/RepaintManager$DisplayChangedRunnable
Event: 1396.629 loading class javax/swing/RepaintManager$DisplayChangedRunnable done


Dynamic libraries:
0x00007ff761e30000 - 0x00007ff761e3e000 	C:\Users\Alex(admin haha)\.p2\pool\plugins\org.eclipse.justj.openjdk.hotspot.jre.full.win32.x86_64_17.0.9.v20231028-0858\jre\bin\javaw.exe
0x00007ffb5e6b0000 - 0x00007ffb5e8a8000 	C:\WINDOWS\SYSTEM32\ntdll.dll
0x00007ffb5de90000 - 0x00007ffb5df4f000 	C:\WINDOWS\System32\KERNEL32.DLL
0x00007ffb5c250000 - 0x00007ffb5c546000 	C:\WINDOWS\System32\KERNELBASE.dll
0x00007ffb5c580000 - 0x00007ffb5c680000 	C:\WINDOWS\System32\ucrtbase.dll
0x00007ffb50c00000 - 0x00007ffb50c17000 	C:\Users\Alex(admin haha)\.p2\pool\plugins\org.eclipse.justj.openjdk.hotspot.jre.full.win32.x86_64_17.0.9.v20231028-0858\jre\bin\jli.dll
0x00007ffb50ad0000 - 0x00007ffb50aeb000 	C:\Users\Alex(admin haha)\.p2\pool\plugins\org.eclipse.justj.openjdk.hotspot.jre.full.win32.x86_64_17.0.9.v20231028-0858\jre\bin\VCRUNTIME140.dll
0x00007ffb5dcf0000 - 0x00007ffb5de8d000 	C:\WINDOWS\System32\USER32.dll
0x00007ffb5c220000 - 0x00007ffb5c242000 	C:\WINDOWS\System32\win32u.dll
0x00007ffb5c990000 - 0x00007ffb5c9bc000 	C:\WINDOWS\System32\GDI32.dll
0x00007ffb5c060000 - 0x00007ffb5c175000 	C:\WINDOWS\System32\gdi32full.dll
0x00007ffb5c180000 - 0x00007ffb5c21d000 	C:\WINDOWS\System32\msvcp_win.dll
0x00007ffb521c0000 - 0x00007ffb5245a000 	C:\WINDOWS\WinSxS\amd64_microsoft.windows.common-controls_6595b64144ccf1df_6.0.19041.1110_none_60b5254171f9507e\COMCTL32.dll
0x00007ffb5d750000 - 0x00007ffb5d7ee000 	C:\WINDOWS\System32\msvcrt.dll
0x00007ffb5c710000 - 0x00007ffb5c740000 	C:\WINDOWS\System32\IMM32.DLL
0x00007ffb573e0000 - 0x00007ffb573ec000 	C:\Users\Alex(admin haha)\.p2\pool\plugins\org.eclipse.justj.openjdk.hotspot.jre.full.win32.x86_64_17.0.9.v20231028-0858\jre\bin\vcruntime140_1.dll
0x00007ffb46950000 - 0x00007ffb469dd000 	C:\Users\Alex(admin haha)\.p2\pool\plugins\org.eclipse.justj.openjdk.hotspot.jre.full.win32.x86_64_17.0.9.v20231028-0858\jre\bin\msvcp140.dll
0x00007ffae3940000 - 0x00007ffae45a1000 	C:\Users\Alex(admin haha)\.p2\pool\plugins\org.eclipse.justj.openjdk.hotspot.jre.full.win32.x86_64_17.0.9.v20231028-0858\jre\bin\server\jvm.dll
0x00007ffb5caf0000 - 0x00007ffb5cb9f000 	C:\WINDOWS\System32\ADVAPI32.dll
0x00007ffb5e310000 - 0x00007ffb5e3ac000 	C:\WINDOWS\System32\sechost.dll
0x00007ffb5c9c0000 - 0x00007ffb5cae6000 	C:\WINDOWS\System32\RPCRT4.dll
0x00007ffb5bc00000 - 0x00007ffb5bc4b000 	C:\WINDOWS\SYSTEM32\POWRPROF.dll
0x00007ffb32d10000 - 0x00007ffb32d19000 	C:\WINDOWS\SYSTEM32\WSOCK32.dll
0x00007ffb5d6e0000 - 0x00007ffb5d74b000 	C:\WINDOWS\System32\WS2_32.dll
0x00007ffb52b00000 - 0x00007ffb52b27000 	C:\WINDOWS\SYSTEM32\WINMM.dll
0x00007ffb514a0000 - 0x00007ffb514aa000 	C:\WINDOWS\SYSTEM32\VERSION.dll
0x00007ffb5bbe0000 - 0x00007ffb5bbf2000 	C:\WINDOWS\SYSTEM32\UMPDC.dll
0x00007ffb59c60000 - 0x00007ffb59c72000 	C:\WINDOWS\SYSTEM32\kernel.appcore.dll
0x00007ffb4f420000 - 0x00007ffb4f42a000 	C:\Users\Alex(admin haha)\.p2\pool\plugins\org.eclipse.justj.openjdk.hotspot.jre.full.win32.x86_64_17.0.9.v20231028-0858\jre\bin\jimage.dll
0x00007ffb46190000 - 0x00007ffb46374000 	C:\WINDOWS\SYSTEM32\DBGHELP.DLL
0x00007ffb46150000 - 0x00007ffb46184000 	C:\WINDOWS\SYSTEM32\dbgcore.DLL
0x00007ffb5c680000 - 0x00007ffb5c702000 	C:\WINDOWS\System32\bcryptPrimitives.dll
0x00007ffb48060000 - 0x00007ffb48085000 	C:\Users\Alex(admin haha)\.p2\pool\plugins\org.eclipse.justj.openjdk.hotspot.jre.full.win32.x86_64_17.0.9.v20231028-0858\jre\bin\java.dll
0x00007ffb4b200000 - 0x00007ffb4b218000 	C:\Users\Alex(admin haha)\.p2\pool\plugins\org.eclipse.justj.openjdk.hotspot.jre.full.win32.x86_64_17.0.9.v20231028-0858\jre\bin\zip.dll
0x00007ffb5cee0000 - 0x00007ffb5d624000 	C:\WINDOWS\System32\SHELL32.dll
0x00007ffb59e60000 - 0x00007ffb5a5f3000 	C:\WINDOWS\SYSTEM32\windows.storage.dll
0x00007ffb5df50000 - 0x00007ffb5e2a4000 	C:\WINDOWS\System32\combase.dll
0x00007ffb5b700000 - 0x00007ffb5b72e000 	C:\WINDOWS\SYSTEM32\Wldp.dll
0x00007ffb5cba0000 - 0x00007ffb5cc4d000 	C:\WINDOWS\System32\SHCORE.dll
0x00007ffb5e610000 - 0x00007ffb5e665000 	C:\WINDOWS\System32\shlwapi.dll
0x00007ffb5bcd0000 - 0x00007ffb5bcef000 	C:\WINDOWS\SYSTEM32\profapi.dll
0x00007ffb59610000 - 0x00007ffb59629000 	C:\Users\Alex(admin haha)\.p2\pool\plugins\org.eclipse.justj.openjdk.hotspot.jre.full.win32.x86_64_17.0.9.v20231028-0858\jre\bin\net.dll
0x00007ffb56bd0000 - 0x00007ffb56cda000 	C:\WINDOWS\SYSTEM32\WINHTTP.dll
0x00007ffb5b460000 - 0x00007ffb5b4ca000 	C:\WINDOWS\system32\mswsock.dll
0x00007ffb50bd0000 - 0x00007ffb50be6000 	C:\Users\Alex(admin haha)\.p2\pool\plugins\org.eclipse.justj.openjdk.hotspot.jre.full.win32.x86_64_17.0.9.v20231028-0858\jre\bin\nio.dll
0x00007ffb2d7d0000 - 0x00007ffb2d960000 	C:\Users\Alex(admin haha)\.p2\pool\plugins\org.eclipse.justj.openjdk.hotspot.jre.full.win32.x86_64_17.0.9.v20231028-0858\jre\bin\awt.dll
0x00007ffb5c8c0000 - 0x00007ffb5c98d000 	C:\WINDOWS\System32\OLEAUT32.dll
0x00007ffb59680000 - 0x00007ffb59711000 	C:\WINDOWS\SYSTEM32\apphelp.dll
0x00007ffb59b50000 - 0x00007ffb59b7f000 	C:\WINDOWS\system32\DWMAPI.DLL
0x00007ffb59790000 - 0x00007ffb5982e000 	C:\WINDOWS\system32\uxtheme.dll
0x00007ffb39e00000 - 0x00007ffb39f25000 	C:\WINDOWS\system32\opengl32.dll
0x00007ffb3ad30000 - 0x00007ffb3ad5c000 	C:\WINDOWS\SYSTEM32\GLU32.dll
0x00007ffb5e3c0000 - 0x00007ffb5e4d4000 	C:\WINDOWS\System32\MSCTF.dll
0x00007ffb37f10000 - 0x00007ffb37f4f000 	C:\Program Files\ASUS\Bluetooth Software\btmmhook.dll
0x00007ffb5e4e0000 - 0x00007ffb5e60a000 	C:\WINDOWS\System32\ole32.dll
0x00007ffb5e3b0000 - 0x00007ffb5e3b8000 	C:\WINDOWS\System32\PSAPI.DLL
0x00007ffb45d90000 - 0x00007ffb45e18000 	C:\Users\Alex(admin haha)\.p2\pool\plugins\org.eclipse.justj.openjdk.hotspot.jre.full.win32.x86_64_17.0.9.v20231028-0858\jre\bin\freetype.dll
0x00007ffb45b80000 - 0x00007ffb45c53000 	C:\Users\Alex(admin haha)\.p2\pool\plugins\org.eclipse.justj.openjdk.hotspot.jre.full.win32.x86_64_17.0.9.v20231028-0858\jre\bin\fontmanager.dll
0x00007ffb5d630000 - 0x00007ffb5d6d9000 	C:\WINDOWS\System32\clbcatq.dll
0x00007ffb56190000 - 0x00007ffb56344000 	C:\WINDOWS\SYSTEM32\WindowsCodecs.dll
0x00007ffb5c550000 - 0x00007ffb5c577000 	C:\WINDOWS\System32\bcrypt.dll
0x00007ffb3c120000 - 0x00007ffb3c15e000 	C:\WINDOWS\system32\dataexchange.dll
0x00007ffb58a50000 - 0x00007ffb58c33000 	C:\WINDOWS\system32\dcomp.dll
0x00007ffb57d70000 - 0x00007ffb57fd3000 	C:\WINDOWS\system32\d3d11.dll
0x00007ffb5a640000 - 0x00007ffb5a733000 	C:\WINDOWS\system32\dxgi.dll
0x00007ffb56660000 - 0x00007ffb56867000 	C:\WINDOWS\system32\twinapi.appcore.dll
0x00007ffb4cdd0000 - 0x00007ffb4cec9000 	C:\WINDOWS\SYSTEM32\textinputframework.dll
0x00007ffb59010000 - 0x00007ffb5936e000 	C:\WINDOWS\System32\CoreUIComponents.dll
0x00007ffb59370000 - 0x00007ffb59462000 	C:\WINDOWS\System32\CoreMessaging.dll
0x00007ffb5aea0000 - 0x00007ffb5aed3000 	C:\WINDOWS\SYSTEM32\ntmarta.dll
0x00007ffb57c10000 - 0x00007ffb57d64000 	C:\WINDOWS\SYSTEM32\wintypes.dll

dbghelp: loaded successfully - version: 4.0.5 - missing functions: none
symbol engine: initialized successfully - sym options: 0x614 - pdb path: .;C:\Users\Alex(admin haha)\.p2\pool\plugins\org.eclipse.justj.openjdk.hotspot.jre.full.win32.x86_64_17.0.9.v20231028-0858\jre\bin;C:\WINDOWS\SYSTEM32;C:\WINDOWS\WinSxS\amd64_microsoft.windows.common-controls_6595b64144ccf1df_6.0.19041.1110_none_60b5254171f9507e;C:\Users\Alex(admin haha)\.p2\pool\plugins\org.eclipse.justj.openjdk.hotspot.jre.full.win32.x86_64_17.0.9.v20231028-0858\jre\bin\server;C:\Program Files\ASUS\Bluetooth Software

VM Arguments:
jvm_args: -Dfile.encoding=UTF-8 -Dstdout.encoding=UTF-8 -Dstderr.encoding=UTF-8 --module-path=C:\Users\Alex(admin haha)\final-project\finalProject\bin -XX:+ShowCodeDetailsInExceptionMessages -Djdk.module.main=finalProject 
java_command: finalProject/finalProject.Game
java_class_path (initial): <not set>
Launcher Type: SUN_STANDARD

[Global flags]
     intx CICompilerCount                          = 3                                         {product} {ergonomic}
     uint ConcGCThreads                            = 1                                         {product} {ergonomic}
     uint G1ConcRefinementThreads                  = 4                                         {product} {ergonomic}
   size_t G1HeapRegionSize                         = 1048576                                   {product} {ergonomic}
    uintx GCDrainStackTargetSize                   = 64                                        {product} {ergonomic}
   size_t InitialHeapSize                          = 134217728                                 {product} {ergonomic}
   size_t MarkStackSize                            = 4194304                                   {product} {ergonomic}
   size_t MaxHeapSize                              = 2124414976                                {product} {ergonomic}
   size_t MaxNewSize                               = 1274019840                                {product} {ergonomic}
   size_t MinHeapDeltaBytes                        = 1048576                                   {product} {ergonomic}
   size_t MinHeapSize                              = 8388608                                   {product} {ergonomic}
    uintx NonNMethodCodeHeapSize                   = 5832780                                {pd product} {ergonomic}
    uintx NonProfiledCodeHeapSize                  = 122912730                              {pd product} {ergonomic}
    uintx ProfiledCodeHeapSize                     = 122912730                              {pd product} {ergonomic}
    uintx ReservedCodeCacheSize                    = 251658240                              {pd product} {ergonomic}
     bool SegmentedCodeCache                       = true                                      {product} {ergonomic}
     bool ShowCodeDetailsInExceptionMessages       = true                                   {manageable} {command line}
   size_t SoftMaxHeapSize                          = 2124414976                             {manageable} {ergonomic}
     bool UseCompressedClassPointers               = true                           {product lp64_product} {ergonomic}
     bool UseCompressedOops                        = true                           {product lp64_product} {ergonomic}
     bool UseG1GC                                  = true                                      {product} {ergonomic}
     bool UseLargePagesIndividualAllocation        = false                                  {pd product} {ergonomic}

Logging:
Log output configuration:
 #0: stdout all=warning uptime,level,tags
 #1: stderr all=off uptime,level,tags

Environment Variables:
PATH=C:/Users/Alex(admin haha)/.p2/pool/plugins/org.eclipse.justj.openjdk.hotspot.jre.full.win32.x86_64_17.0.9.v20231028-0858/jre/bin/server;C:/Users/Alex(admin haha)/.p2/pool/plugins/org.eclipse.justj.openjdk.hotspot.jre.full.win32.x86_64_17.0.9.v20231028-0858/jre/bin;C:\Program Files\Common Files\Oracle\Java\javapath;C:\Program Files (x86)\Common Files\Oracle\Java\javapath;C:\WINDOWS\system32;C:\WINDOWS;C:\WINDOWS\System32\Wbem;C:\WINDOWS\System32\WindowsPowerShell\v1.0\;C:\WINDOWS\System32\OpenSSH\;C:\Program Files\ASUS\Bluetooth Software\;C:\Program Files\ASUS\Bluetooth Software\syswow64;C:\Users\Alex(admin haha)\AppData\Local\Microsoft\WindowsApps;C:\Users\Alex(admin haha)\AppData\Local\Programs\Microsoft VS Code\bin;C:\Users\Alex(admin haha)\AppData\Local\GitHubDesktop\bin;C:\WINDOWS\system32;
USERNAME=Alex(admin haha)
OS=Windows_NT
PROCESSOR_IDENTIFIER=Intel64 Family 6 Model 60 Stepping 3, GenuineIntel
TMP=C:\Users\ALEX(A~1\AppData\Local\Temp
TEMP=C:\Users\ALEX(A~1\AppData\Local\Temp



Periodic native trim disabled


---------------  S Y S T E M  ---------------

OS:
 Windows 10 , 64 bit Build 19041 (10.0.19041.3031)
OS uptime: 9 days 8:04 hours

CPU: total 4 (initial active 4) (4 cores per cpu, 1 threads per core) family 6 model 60 stepping 3 microcode 0x27, cx8, cmov, fxsr, mmx, sse, sse2, sse3, ssse3, sse4.1, sse4.2, popcnt, lzcnt, tsc, tscinvbit, avx, avx2, aes, erms, clmul, bmi1, bmi2, fma, vzeroupper, clflush
Processor Information for all 4 processors :
  Max Mhz: 3201, Current Mhz: 3201, Mhz Limit: 3201

Memory: 4k page, system-wide physical 8103M (1373M free)
TotalPageFile size 32679M (AvailPageFile size 0M)
current process WorkingSet (physical memory assigned to process): 65M, peak: 70M
current process commit charge ("private bytes"): 212M, peak: 217M

vm_info: OpenJDK 64-Bit Server VM (17.0.9+9) for windows-amd64 JRE (17.0.9+9), built on Oct 26 2023 14:01:42 by "admin" with MS VC++ 16.10 / 16.11 (VS2019)

END.
