#
# There is insufficient memory for the Java Runtime Environment to continue.
# Native memory allocation (malloc) failed to allocate 1119376 bytes for Chunk::new
# Possible reasons:
#   The system is out of physical RAM or swap space
#   The process is running with CompressedOops enabled, and the Java Heap may be blocking the growth of the native heap
# Possible solutions:
#   Reduce memory load on the system
#   Increase physical memory or swap space
#   Check if swap backing store is full
#   Decrease Java heap size (-Xmx/-Xms)
#   Decrease number of Java threads
#   Decrease Java thread stack sizes (-Xss)
#   Set larger code cache with -XX:ReservedCodeCacheSize=
#   JVM is running with Unscaled Compressed Oops mode in which the Java heap is
#     placed in the first 4GB address space. The Java Heap base address is the
#     maximum limit for the native heap growth. Please use -XX:HeapBaseMinAddress
#     to set the Java Heap base and to place the Java Heap above 4GB virtual address.
# This output file may be truncated or incomplete.
#
#  Out of Memory Error (arena.cpp:191), pid=19536, tid=13456
#
# JRE version: OpenJDK Runtime Environment Temurin-17.0.9+9 (17.0.9+9) (build 17.0.9+9)
# Java VM: OpenJDK 64-Bit Server VM Temurin-17.0.9+9 (17.0.9+9, mixed mode, tiered, compressed oops, compressed class ptrs, g1 gc, windows-amd64)
# No core dump will be written. Minidumps are not enabled by default on client versions of Windows
#

---------------  S U M M A R Y ------------

Command Line: -Dfile.encoding=UTF-8 -Dstdout.encoding=UTF-8 -Dstderr.encoding=UTF-8 --module-path=C:\Users\Alex(admin haha)\final-project\finalProject\bin -XX:+ShowCodeDetailsInExceptionMessages -Djdk.module.main=finalProject finalProject/finalProject.Game

Host: Intel(R) Core(TM) i5-4570 CPU @ 3.20GHz, 4 cores, 7G,  Windows 10 , 64 bit Build 19041 (10.0.19041.3031)
Time: Sun Nov 26 01:34:24 2023 Mountain Standard Time elapsed time: 1059.029177 seconds (0d 0h 17m 39s)

---------------  T H R E A D  ---------------

Current thread (0x000001952f85ede0):  JavaThread "C2 CompilerThread0" daemon [_thread_in_native, id=13456, stack(0x0000003b5ac00000,0x0000003b5ad00000)]


Current CompileTask:
C2:1059029 1160   !   4       sun.awt.PostEventQueue::flush (168 bytes)

Stack: [0x0000003b5ac00000,0x0000003b5ad00000]
Native frames: (J=compiled Java code, j=interpreted, Vv=VM code, C=native code)
V  [jvm.dll+0x67cf49]
V  [jvm.dll+0x83478a]
V  [jvm.dll+0x83624e]
V  [jvm.dll+0x8368b3]
V  [jvm.dll+0x247f1f]
V  [jvm.dll+0xac43c]
V  [jvm.dll+0xaca8c]
V  [jvm.dll+0x367012]
V  [jvm.dll+0x3313ba]
V  [jvm.dll+0x33085a]
V  [jvm.dll+0x21a5b1]
V  [jvm.dll+0x2199d1]
V  [jvm.dll+0x1a57cd]
V  [jvm.dll+0x2297ae]
V  [jvm.dll+0x22797c]
V  [jvm.dll+0x7e9877]
V  [jvm.dll+0x7e3c3a]
V  [jvm.dll+0x67be35]
C  [ucrtbase.dll+0x21bb2]
C  [KERNEL32.DLL+0x17614]
C  [ntdll.dll+0x526f1]


---------------  P R O C E S S  ---------------

Threads class SMR info:
_java_thread_list=0x00000195341bed40, length=17, elements={
0x000001952f726510, 0x000001952f729cd0, 0x000001952f73a740, 0x000001952f73c620,
0x000001952f85a000, 0x000001952f85ace0, 0x000001952f85ede0, 0x000001952f85f6f0,
0x000001952f862400, 0x000001952f9a1360, 0x000001952fac6390, 0x00000195340816c0,
0x00000195340b7ad0, 0x00000195340b7fb0, 0x00000195341a0160, 0x0000019534197b80,
0x0000019534195810
}

Java Threads: ( => current thread )
  0x000001952f726510 JavaThread "Reference Handler" daemon [_thread_blocked, id=876, stack(0x0000003b5a500000,0x0000003b5a600000)]
  0x000001952f729cd0 JavaThread "Finalizer" daemon [_thread_blocked, id=22884, stack(0x0000003b5a600000,0x0000003b5a700000)]
  0x000001952f73a740 JavaThread "Signal Dispatcher" daemon [_thread_blocked, id=6644, stack(0x0000003b5a800000,0x0000003b5a900000)]
  0x000001952f73c620 JavaThread "Attach Listener" daemon [_thread_blocked, id=5364, stack(0x0000003b5a900000,0x0000003b5aa00000)]
  0x000001952f85a000 JavaThread "Service Thread" daemon [_thread_blocked, id=19384, stack(0x0000003b5aa00000,0x0000003b5ab00000)]
  0x000001952f85ace0 JavaThread "Monitor Deflation Thread" daemon [_thread_blocked, id=18304, stack(0x0000003b5ab00000,0x0000003b5ac00000)]
=>0x000001952f85ede0 JavaThread "C2 CompilerThread0" daemon [_thread_in_native, id=13456, stack(0x0000003b5ac00000,0x0000003b5ad00000)]
  0x000001952f85f6f0 JavaThread "C1 CompilerThread0" daemon [_thread_blocked, id=12132, stack(0x0000003b5ad00000,0x0000003b5ae00000)]
  0x000001952f862400 JavaThread "Sweeper thread" daemon [_thread_blocked, id=14660, stack(0x0000003b5ae00000,0x0000003b5af00000)]
  0x000001952f9a1360 JavaThread "Common-Cleaner" daemon [_thread_blocked, id=22476, stack(0x0000003b5af00000,0x0000003b5b000000)]
  0x000001952fac6390 JavaThread "Notification Thread" daemon [_thread_blocked, id=14804, stack(0x0000003b5b000000,0x0000003b5b100000)]
  0x00000195340816c0 JavaThread "Java2D Disposer" daemon [_thread_blocked, id=12984, stack(0x0000003b5b200000,0x0000003b5b300000)]
  0x00000195340b7ad0 JavaThread "AWT-Shutdown" [_thread_blocked, id=1280, stack(0x0000003b5b300000,0x0000003b5b400000)]
  0x00000195340b7fb0 JavaThread "AWT-Windows" daemon [_thread_in_native, id=13936, stack(0x0000003b5b400000,0x0000003b5b500000)]
  0x00000195341a0160 JavaThread "AWT-EventQueue-0" [_thread_blocked, id=7032, stack(0x0000003b5b500000,0x0000003b5b600000)]
  0x0000019534197b80 JavaThread "DestroyJavaVM" [_thread_blocked, id=7300, stack(0x0000003b59e00000,0x0000003b59f00000)]
  0x0000019534195810 JavaThread "TimerQueue" daemon [_thread_blocked, id=16904, stack(0x0000003b5b900000,0x0000003b5ba00000)]

Other Threads:
  0x000001952f703560 VMThread "VM Thread" [stack: 0x0000003b5a400000,0x0000003b5a500000] [id=24780]
  0x000001952facf890 WatcherThread [stack: 0x0000003b5b100000,0x0000003b5b200000] [id=23496]
  0x000001951602fb80 GCTaskThread "GC Thread#0" [stack: 0x0000003b59f00000,0x0000003b5a000000] [id=22472]
  0x0000019516041730 ConcurrentGCThread "G1 Main Marker" [stack: 0x0000003b5a000000,0x0000003b5a100000] [id=18284]
  0x0000019516042800 ConcurrentGCThread "G1 Conc#0" [stack: 0x0000003b5a100000,0x0000003b5a200000] [id=7816]
  0x0000019516098c80 ConcurrentGCThread "G1 Refine#0" [stack: 0x0000003b5a200000,0x0000003b5a300000] [id=5336]
  0x000001952f561fe0 ConcurrentGCThread "G1 Service" [stack: 0x0000003b5a300000,0x0000003b5a400000] [id=11948]

Threads with active compile tasks:
C2 CompilerThread0  1059052 1160   !   4       sun.awt.PostEventQueue::flush (168 bytes)

VM state: not at safepoint (normal execution)

VM Mutex/Monitor currently owned by a thread: None

Heap address: 0x0000000081600000, size: 2026 MB, Compressed Oops mode: 32-bit

CDS archive(s) not mapped
Compressed class space mapped at: 0x0000000100000000-0x0000000140000000, reserved size: 1073741824
Narrow klass base: 0x0000000000000000, Narrow klass shift: 3, Narrow klass range: 0x140000000

GC Precious Log:
 CPUs: 4 total, 4 available
 Memory: 8103M
 Large Page Support: Disabled
 NUMA Support: Disabled
 Compressed Oops: Enabled (32-bit)
 Heap Region Size: 1M
 Heap Min Capacity: 8M
 Heap Initial Capacity: 128M
 Heap Max Capacity: 2026M
 Pre-touch: Disabled
 Parallel Workers: 4
 Concurrent Workers: 1
 Concurrent Refinement Workers: 4
 Periodic GC: Disabled

Heap:
 garbage-first heap   total 131072K, used 9216K [0x0000000081600000, 0x0000000100000000)
  region size 1024K, 8 young (8192K), 0 survivors (0K)
 Metaspace       used 14769K, committed 14976K, reserved 1114112K
  class space    used 1472K, committed 1536K, reserved 1048576K

Heap Regions: E=young(eden), S=young(survivor), O=old, HS=humongous(starts), HC=humongous(continues), CS=collection set, F=free, OA=open archive, CA=closed archive, TAMS=top-at-mark-start (previous, next)
|   0|0x0000000081600000, 0x0000000081700000, 0x0000000081700000|100%|HS|  |TAMS 0x0000000081600000, 0x0000000081600000| Complete 
|   1|0x0000000081700000, 0x0000000081800000, 0x0000000081800000|100%|HC|  |TAMS 0x0000000081700000, 0x0000000081700000| Complete 
|   2|0x0000000081800000, 0x0000000081800000, 0x0000000081900000|  0%| F|  |TAMS 0x0000000081800000, 0x0000000081800000| Untracked 
|   3|0x0000000081900000, 0x0000000081900000, 0x0000000081a00000|  0%| F|  |TAMS 0x0000000081900000, 0x0000000081900000| Untracked 
|   4|0x0000000081a00000, 0x0000000081a00000, 0x0000000081b00000|  0%| F|  |TAMS 0x0000000081a00000, 0x0000000081a00000| Untracked 
|   5|0x0000000081b00000, 0x0000000081b00000, 0x0000000081c00000|  0%| F|  |TAMS 0x0000000081b00000, 0x0000000081b00000| Untracked 
|   6|0x0000000081c00000, 0x0000000081c00000, 0x0000000081d00000|  0%| F|  |TAMS 0x0000000081c00000, 0x0000000081c00000| Untracked 
|   7|0x0000000081d00000, 0x0000000081d00000, 0x0000000081e00000|  0%| F|  |TAMS 0x0000000081d00000, 0x0000000081d00000| Untracked 
|   8|0x0000000081e00000, 0x0000000081e00000, 0x0000000081f00000|  0%| F|  |TAMS 0x0000000081e00000, 0x0000000081e00000| Untracked 
|   9|0x0000000081f00000, 0x0000000081f00000, 0x0000000082000000|  0%| F|  |TAMS 0x0000000081f00000, 0x0000000081f00000| Untracked 
|  10|0x0000000082000000, 0x0000000082000000, 0x0000000082100000|  0%| F|  |TAMS 0x0000000082000000, 0x0000000082000000| Untracked 
|  11|0x0000000082100000, 0x0000000082100000, 0x0000000082200000|  0%| F|  |TAMS 0x0000000082100000, 0x0000000082100000| Untracked 
|  12|0x0000000082200000, 0x0000000082200000, 0x0000000082300000|  0%| F|  |TAMS 0x0000000082200000, 0x0000000082200000| Untracked 
|  13|0x0000000082300000, 0x0000000082300000, 0x0000000082400000|  0%| F|  |TAMS 0x0000000082300000, 0x0000000082300000| Untracked 
|  14|0x0000000082400000, 0x0000000082400000, 0x0000000082500000|  0%| F|  |TAMS 0x0000000082400000, 0x0000000082400000| Untracked 
|  15|0x0000000082500000, 0x0000000082500000, 0x0000000082600000|  0%| F|  |TAMS 0x0000000082500000, 0x0000000082500000| Untracked 
|  16|0x0000000082600000, 0x0000000082600000, 0x0000000082700000|  0%| F|  |TAMS 0x0000000082600000, 0x0000000082600000| Untracked 
|  17|0x0000000082700000, 0x0000000082700000, 0x0000000082800000|  0%| F|  |TAMS 0x0000000082700000, 0x0000000082700000| Untracked 
|  18|0x0000000082800000, 0x0000000082800000, 0x0000000082900000|  0%| F|  |TAMS 0x0000000082800000, 0x0000000082800000| Untracked 
|  19|0x0000000082900000, 0x0000000082900000, 0x0000000082a00000|  0%| F|  |TAMS 0x0000000082900000, 0x0000000082900000| Untracked 
|  20|0x0000000082a00000, 0x0000000082a00000, 0x0000000082b00000|  0%| F|  |TAMS 0x0000000082a00000, 0x0000000082a00000| Untracked 
|  21|0x0000000082b00000, 0x0000000082b00000, 0x0000000082c00000|  0%| F|  |TAMS 0x0000000082b00000, 0x0000000082b00000| Untracked 
|  22|0x0000000082c00000, 0x0000000082c00000, 0x0000000082d00000|  0%| F|  |TAMS 0x0000000082c00000, 0x0000000082c00000| Untracked 
|  23|0x0000000082d00000, 0x0000000082d00000, 0x0000000082e00000|  0%| F|  |TAMS 0x0000000082d00000, 0x0000000082d00000| Untracked 
|  24|0x0000000082e00000, 0x0000000082e00000, 0x0000000082f00000|  0%| F|  |TAMS 0x0000000082e00000, 0x0000000082e00000| Untracked 
|  25|0x0000000082f00000, 0x0000000082f00000, 0x0000000083000000|  0%| F|  |TAMS 0x0000000082f00000, 0x0000000082f00000| Untracked 
|  26|0x0000000083000000, 0x0000000083000000, 0x0000000083100000|  0%| F|  |TAMS 0x0000000083000000, 0x0000000083000000| Untracked 
|  27|0x0000000083100000, 0x0000000083100000, 0x0000000083200000|  0%| F|  |TAMS 0x0000000083100000, 0x0000000083100000| Untracked 
|  28|0x0000000083200000, 0x0000000083200000, 0x0000000083300000|  0%| F|  |TAMS 0x0000000083200000, 0x0000000083200000| Untracked 
|  29|0x0000000083300000, 0x0000000083300000, 0x0000000083400000|  0%| F|  |TAMS 0x0000000083300000, 0x0000000083300000| Untracked 
|  30|0x0000000083400000, 0x0000000083400000, 0x0000000083500000|  0%| F|  |TAMS 0x0000000083400000, 0x0000000083400000| Untracked 
|  31|0x0000000083500000, 0x0000000083500000, 0x0000000083600000|  0%| F|  |TAMS 0x0000000083500000, 0x0000000083500000| Untracked 
|  32|0x0000000083600000, 0x0000000083600000, 0x0000000083700000|  0%| F|  |TAMS 0x0000000083600000, 0x0000000083600000| Untracked 
|  33|0x0000000083700000, 0x0000000083700000, 0x0000000083800000|  0%| F|  |TAMS 0x0000000083700000, 0x0000000083700000| Untracked 
|  34|0x0000000083800000, 0x0000000083800000, 0x0000000083900000|  0%| F|  |TAMS 0x0000000083800000, 0x0000000083800000| Untracked 
|  35|0x0000000083900000, 0x0000000083900000, 0x0000000083a00000|  0%| F|  |TAMS 0x0000000083900000, 0x0000000083900000| Untracked 
|  36|0x0000000083a00000, 0x0000000083a00000, 0x0000000083b00000|  0%| F|  |TAMS 0x0000000083a00000, 0x0000000083a00000| Untracked 
|  37|0x0000000083b00000, 0x0000000083b00000, 0x0000000083c00000|  0%| F|  |TAMS 0x0000000083b00000, 0x0000000083b00000| Untracked 
|  38|0x0000000083c00000, 0x0000000083c00000, 0x0000000083d00000|  0%| F|  |TAMS 0x0000000083c00000, 0x0000000083c00000| Untracked 
|  39|0x0000000083d00000, 0x0000000083d00000, 0x0000000083e00000|  0%| F|  |TAMS 0x0000000083d00000, 0x0000000083d00000| Untracked 
|  40|0x0000000083e00000, 0x0000000083e00000, 0x0000000083f00000|  0%| F|  |TAMS 0x0000000083e00000, 0x0000000083e00000| Untracked 
|  41|0x0000000083f00000, 0x0000000083f00000, 0x0000000084000000|  0%| F|  |TAMS 0x0000000083f00000, 0x0000000083f00000| Untracked 
|  42|0x0000000084000000, 0x0000000084000000, 0x0000000084100000|  0%| F|  |TAMS 0x0000000084000000, 0x0000000084000000| Untracked 
|  43|0x0000000084100000, 0x0000000084100000, 0x0000000084200000|  0%| F|  |TAMS 0x0000000084100000, 0x0000000084100000| Untracked 
|  44|0x0000000084200000, 0x0000000084200000, 0x0000000084300000|  0%| F|  |TAMS 0x0000000084200000, 0x0000000084200000| Untracked 
|  45|0x0000000084300000, 0x0000000084300000, 0x0000000084400000|  0%| F|  |TAMS 0x0000000084300000, 0x0000000084300000| Untracked 
|  46|0x0000000084400000, 0x0000000084400000, 0x0000000084500000|  0%| F|  |TAMS 0x0000000084400000, 0x0000000084400000| Untracked 
|  47|0x0000000084500000, 0x0000000084500000, 0x0000000084600000|  0%| F|  |TAMS 0x0000000084500000, 0x0000000084500000| Untracked 
|  48|0x0000000084600000, 0x0000000084600000, 0x0000000084700000|  0%| F|  |TAMS 0x0000000084600000, 0x0000000084600000| Untracked 
|  49|0x0000000084700000, 0x0000000084700000, 0x0000000084800000|  0%| F|  |TAMS 0x0000000084700000, 0x0000000084700000| Untracked 
|  50|0x0000000084800000, 0x0000000084800000, 0x0000000084900000|  0%| F|  |TAMS 0x0000000084800000, 0x0000000084800000| Untracked 
|  51|0x0000000084900000, 0x0000000084900000, 0x0000000084a00000|  0%| F|  |TAMS 0x0000000084900000, 0x0000000084900000| Untracked 
|  52|0x0000000084a00000, 0x0000000084a00000, 0x0000000084b00000|  0%| F|  |TAMS 0x0000000084a00000, 0x0000000084a00000| Untracked 
|  53|0x0000000084b00000, 0x0000000084b00000, 0x0000000084c00000|  0%| F|  |TAMS 0x0000000084b00000, 0x0000000084b00000| Untracked 
|  54|0x0000000084c00000, 0x0000000084c00000, 0x0000000084d00000|  0%| F|  |TAMS 0x0000000084c00000, 0x0000000084c00000| Untracked 
|  55|0x0000000084d00000, 0x0000000084d00000, 0x0000000084e00000|  0%| F|  |TAMS 0x0000000084d00000, 0x0000000084d00000| Untracked 
|  56|0x0000000084e00000, 0x0000000084e00000, 0x0000000084f00000|  0%| F|  |TAMS 0x0000000084e00000, 0x0000000084e00000| Untracked 
|  57|0x0000000084f00000, 0x0000000084f00000, 0x0000000085000000|  0%| F|  |TAMS 0x0000000084f00000, 0x0000000084f00000| Untracked 
|  58|0x0000000085000000, 0x0000000085000000, 0x0000000085100000|  0%| F|  |TAMS 0x0000000085000000, 0x0000000085000000| Untracked 
|  59|0x0000000085100000, 0x0000000085100000, 0x0000000085200000|  0%| F|  |TAMS 0x0000000085100000, 0x0000000085100000| Untracked 
|  60|0x0000000085200000, 0x0000000085200000, 0x0000000085300000|  0%| F|  |TAMS 0x0000000085200000, 0x0000000085200000| Untracked 
|  61|0x0000000085300000, 0x0000000085300000, 0x0000000085400000|  0%| F|  |TAMS 0x0000000085300000, 0x0000000085300000| Untracked 
|  62|0x0000000085400000, 0x0000000085400000, 0x0000000085500000|  0%| F|  |TAMS 0x0000000085400000, 0x0000000085400000| Untracked 
|  63|0x0000000085500000, 0x0000000085500000, 0x0000000085600000|  0%| F|  |TAMS 0x0000000085500000, 0x0000000085500000| Untracked 
|  64|0x0000000085600000, 0x0000000085600000, 0x0000000085700000|  0%| F|  |TAMS 0x0000000085600000, 0x0000000085600000| Untracked 
|  65|0x0000000085700000, 0x0000000085700000, 0x0000000085800000|  0%| F|  |TAMS 0x0000000085700000, 0x0000000085700000| Untracked 
|  66|0x0000000085800000, 0x0000000085800000, 0x0000000085900000|  0%| F|  |TAMS 0x0000000085800000, 0x0000000085800000| Untracked 
|  67|0x0000000085900000, 0x0000000085900000, 0x0000000085a00000|  0%| F|  |TAMS 0x0000000085900000, 0x0000000085900000| Untracked 
|  68|0x0000000085a00000, 0x0000000085a00000, 0x0000000085b00000|  0%| F|  |TAMS 0x0000000085a00000, 0x0000000085a00000| Untracked 
|  69|0x0000000085b00000, 0x0000000085b00000, 0x0000000085c00000|  0%| F|  |TAMS 0x0000000085b00000, 0x0000000085b00000| Untracked 
|  70|0x0000000085c00000, 0x0000000085c00000, 0x0000000085d00000|  0%| F|  |TAMS 0x0000000085c00000, 0x0000000085c00000| Untracked 
|  71|0x0000000085d00000, 0x0000000085d00000, 0x0000000085e00000|  0%| F|  |TAMS 0x0000000085d00000, 0x0000000085d00000| Untracked 
|  72|0x0000000085e00000, 0x0000000085e00000, 0x0000000085f00000|  0%| F|  |TAMS 0x0000000085e00000, 0x0000000085e00000| Untracked 
|  73|0x0000000085f00000, 0x0000000085f00000, 0x0000000086000000|  0%| F|  |TAMS 0x0000000085f00000, 0x0000000085f00000| Untracked 
|  74|0x0000000086000000, 0x0000000086000000, 0x0000000086100000|  0%| F|  |TAMS 0x0000000086000000, 0x0000000086000000| Untracked 
|  75|0x0000000086100000, 0x0000000086100000, 0x0000000086200000|  0%| F|  |TAMS 0x0000000086100000, 0x0000000086100000| Untracked 
|  76|0x0000000086200000, 0x0000000086200000, 0x0000000086300000|  0%| F|  |TAMS 0x0000000086200000, 0x0000000086200000| Untracked 
|  77|0x0000000086300000, 0x0000000086300000, 0x0000000086400000|  0%| F|  |TAMS 0x0000000086300000, 0x0000000086300000| Untracked 
|  78|0x0000000086400000, 0x0000000086400000, 0x0000000086500000|  0%| F|  |TAMS 0x0000000086400000, 0x0000000086400000| Untracked 
|  79|0x0000000086500000, 0x0000000086500000, 0x0000000086600000|  0%| F|  |TAMS 0x0000000086500000, 0x0000000086500000| Untracked 
|  80|0x0000000086600000, 0x0000000086600000, 0x0000000086700000|  0%| F|  |TAMS 0x0000000086600000, 0x0000000086600000| Untracked 
|  81|0x0000000086700000, 0x0000000086700000, 0x0000000086800000|  0%| F|  |TAMS 0x0000000086700000, 0x0000000086700000| Untracked 
|  82|0x0000000086800000, 0x0000000086800000, 0x0000000086900000|  0%| F|  |TAMS 0x0000000086800000, 0x0000000086800000| Untracked 
|  83|0x0000000086900000, 0x0000000086900000, 0x0000000086a00000|  0%| F|  |TAMS 0x0000000086900000, 0x0000000086900000| Untracked 
|  84|0x0000000086a00000, 0x0000000086a00000, 0x0000000086b00000|  0%| F|  |TAMS 0x0000000086a00000, 0x0000000086a00000| Untracked 
|  85|0x0000000086b00000, 0x0000000086b00000, 0x0000000086c00000|  0%| F|  |TAMS 0x0000000086b00000, 0x0000000086b00000| Untracked 
|  86|0x0000000086c00000, 0x0000000086c00000, 0x0000000086d00000|  0%| F|  |TAMS 0x0000000086c00000, 0x0000000086c00000| Untracked 
|  87|0x0000000086d00000, 0x0000000086d00000, 0x0000000086e00000|  0%| F|  |TAMS 0x0000000086d00000, 0x0000000086d00000| Untracked 
|  88|0x0000000086e00000, 0x0000000086e00000, 0x0000000086f00000|  0%| F|  |TAMS 0x0000000086e00000, 0x0000000086e00000| Untracked 
|  89|0x0000000086f00000, 0x0000000086f00000, 0x0000000087000000|  0%| F|  |TAMS 0x0000000086f00000, 0x0000000086f00000| Untracked 
|  90|0x0000000087000000, 0x0000000087000000, 0x0000000087100000|  0%| F|  |TAMS 0x0000000087000000, 0x0000000087000000| Untracked 
|  91|0x0000000087100000, 0x0000000087100000, 0x0000000087200000|  0%| F|  |TAMS 0x0000000087100000, 0x0000000087100000| Untracked 
|  92|0x0000000087200000, 0x0000000087200000, 0x0000000087300000|  0%| F|  |TAMS 0x0000000087200000, 0x0000000087200000| Untracked 
|  93|0x0000000087300000, 0x0000000087300000, 0x0000000087400000|  0%| F|  |TAMS 0x0000000087300000, 0x0000000087300000| Untracked 
|  94|0x0000000087400000, 0x0000000087400000, 0x0000000087500000|  0%| F|  |TAMS 0x0000000087400000, 0x0000000087400000| Untracked 
|  95|0x0000000087500000, 0x0000000087500000, 0x0000000087600000|  0%| F|  |TAMS 0x0000000087500000, 0x0000000087500000| Untracked 
|  96|0x0000000087600000, 0x0000000087600000, 0x0000000087700000|  0%| F|  |TAMS 0x0000000087600000, 0x0000000087600000| Untracked 
|  97|0x0000000087700000, 0x0000000087700000, 0x0000000087800000|  0%| F|  |TAMS 0x0000000087700000, 0x0000000087700000| Untracked 
|  98|0x0000000087800000, 0x0000000087800000, 0x0000000087900000|  0%| F|  |TAMS 0x0000000087800000, 0x0000000087800000| Untracked 
|  99|0x0000000087900000, 0x0000000087900000, 0x0000000087a00000|  0%| F|  |TAMS 0x0000000087900000, 0x0000000087900000| Untracked 
| 100|0x0000000087a00000, 0x0000000087a00000, 0x0000000087b00000|  0%| F|  |TAMS 0x0000000087a00000, 0x0000000087a00000| Untracked 
| 101|0x0000000087b00000, 0x0000000087b00000, 0x0000000087c00000|  0%| F|  |TAMS 0x0000000087b00000, 0x0000000087b00000| Untracked 
| 102|0x0000000087c00000, 0x0000000087c00000, 0x0000000087d00000|  0%| F|  |TAMS 0x0000000087c00000, 0x0000000087c00000| Untracked 
| 103|0x0000000087d00000, 0x0000000087d00000, 0x0000000087e00000|  0%| F|  |TAMS 0x0000000087d00000, 0x0000000087d00000| Untracked 
| 104|0x0000000087e00000, 0x0000000087e00000, 0x0000000087f00000|  0%| F|  |TAMS 0x0000000087e00000, 0x0000000087e00000| Untracked 
| 105|0x0000000087f00000, 0x0000000087f00000, 0x0000000088000000|  0%| F|  |TAMS 0x0000000087f00000, 0x0000000087f00000| Untracked 
| 106|0x0000000088000000, 0x0000000088000000, 0x0000000088100000|  0%| F|  |TAMS 0x0000000088000000, 0x0000000088000000| Untracked 
| 107|0x0000000088100000, 0x0000000088100000, 0x0000000088200000|  0%| F|  |TAMS 0x0000000088100000, 0x0000000088100000| Untracked 
| 108|0x0000000088200000, 0x0000000088200000, 0x0000000088300000|  0%| F|  |TAMS 0x0000000088200000, 0x0000000088200000| Untracked 
| 109|0x0000000088300000, 0x0000000088300000, 0x0000000088400000|  0%| F|  |TAMS 0x0000000088300000, 0x0000000088300000| Untracked 
| 110|0x0000000088400000, 0x0000000088400000, 0x0000000088500000|  0%| F|  |TAMS 0x0000000088400000, 0x0000000088400000| Untracked 
| 111|0x0000000088500000, 0x0000000088500000, 0x0000000088600000|  0%| F|  |TAMS 0x0000000088500000, 0x0000000088500000| Untracked 
| 112|0x0000000088600000, 0x0000000088600000, 0x0000000088700000|  0%| F|  |TAMS 0x0000000088600000, 0x0000000088600000| Untracked 
| 113|0x0000000088700000, 0x0000000088700000, 0x0000000088800000|  0%| F|  |TAMS 0x0000000088700000, 0x0000000088700000| Untracked 
| 114|0x0000000088800000, 0x0000000088800000, 0x0000000088900000|  0%| F|  |TAMS 0x0000000088800000, 0x0000000088800000| Untracked 
| 115|0x0000000088900000, 0x0000000088900000, 0x0000000088a00000|  0%| F|  |TAMS 0x0000000088900000, 0x0000000088900000| Untracked 
| 116|0x0000000088a00000, 0x0000000088a00000, 0x0000000088b00000|  0%| F|  |TAMS 0x0000000088a00000, 0x0000000088a00000| Untracked 
| 117|0x0000000088b00000, 0x0000000088b00000, 0x0000000088c00000|  0%| F|  |TAMS 0x0000000088b00000, 0x0000000088b00000| Untracked 
| 118|0x0000000088c00000, 0x0000000088c00000, 0x0000000088d00000|  0%| F|  |TAMS 0x0000000088c00000, 0x0000000088c00000| Untracked 
| 119|0x0000000088d00000, 0x0000000088d00000, 0x0000000088e00000|  0%| F|  |TAMS 0x0000000088d00000, 0x0000000088d00000| Untracked 
| 120|0x0000000088e00000, 0x0000000088ec8358, 0x0000000088f00000| 78%| E|  |TAMS 0x0000000088e00000, 0x0000000088e00000| Complete 
| 121|0x0000000088f00000, 0x0000000089000000, 0x0000000089000000|100%| E|CS|TAMS 0x0000000088f00000, 0x0000000088f00000| Complete 
| 122|0x0000000089000000, 0x0000000089100000, 0x0000000089100000|100%| E|CS|TAMS 0x0000000089000000, 0x0000000089000000| Complete 
| 123|0x0000000089100000, 0x0000000089200000, 0x0000000089200000|100%| E|CS|TAMS 0x0000000089100000, 0x0000000089100000| Complete 
| 124|0x0000000089200000, 0x0000000089300000, 0x0000000089300000|100%| E|CS|TAMS 0x0000000089200000, 0x0000000089200000| Complete 
| 125|0x0000000089300000, 0x0000000089400000, 0x0000000089400000|100%| E|CS|TAMS 0x0000000089300000, 0x0000000089300000| Complete 
| 126|0x0000000089400000, 0x0000000089500000, 0x0000000089500000|100%| E|CS|TAMS 0x0000000089400000, 0x0000000089400000| Complete 
| 127|0x0000000089500000, 0x0000000089600000, 0x0000000089600000|100%| E|CS|TAMS 0x0000000089500000, 0x0000000089500000| Complete 

Card table byte_map: [0x0000019528ab0000,0x0000019528eb0000] _byte_map_base: 0x00000195286a5000

Marking Bits (Prev, Next): (CMBitMap*) 0x00000195160300b0, (CMBitMap*) 0x00000195160300f0
 Prev Bits: [0x00000195292b0000, 0x000001952b258000)
 Next Bits: [0x000001952b260000, 0x000001952d208000)

Polling page: 0x0000019513ed0000

Metaspace:

Usage:
  Non-class:     12.98 MB used.
      Class:      1.44 MB used.
       Both:     14.42 MB used.

Virtual space:
  Non-class space:       64.00 MB reserved,      13.12 MB ( 21%) committed,  1 nodes.
      Class space:        1.00 GB reserved,       1.50 MB ( <1%) committed,  1 nodes.
             Both:        1.06 GB reserved,      14.62 MB (  1%) committed. 

Chunk freelists:
   Non-Class:  2.48 MB
       Class:  14.52 MB
        Both:  17.01 MB

MaxMetaspaceSize: unlimited
CompressedClassSpaceSize: 1.00 GB
Initial GC threshold: 21.00 MB
Current GC threshold: 21.00 MB
CDS: off
MetaspaceReclaimPolicy: balanced
 - commit_granule_bytes: 65536.
 - commit_granule_words: 8192.
 - virtual_space_node_default_size: 8388608.
 - enlarge_chunks_in_place: 1.
 - new_chunks_are_fully_committed: 0.
 - uncommit_free_chunks: 1.
 - use_allocation_guard: 0.
 - handle_deallocations: 1.


Internal statistics:

num_allocs_failed_limit: 0.
num_arena_births: 108.
num_arena_deaths: 0.
num_vsnodes_births: 2.
num_vsnodes_deaths: 0.
num_space_committed: 234.
num_space_uncommitted: 0.
num_chunks_returned_to_freelist: 0.
num_chunks_taken_from_freelist: 176.
num_chunk_merges: 0.
num_chunk_splits: 91.
num_chunks_enlarged: 32.
num_inconsistent_stats: 0.

CodeHeap 'non-profiled nmethods': size=120000Kb used=317Kb max_used=317Kb free=119682Kb
 bounds [0x0000019521180000, 0x00000195213f0000, 0x00000195286b0000]
CodeHeap 'profiled nmethods': size=120000Kb used=2004Kb max_used=2004Kb free=117995Kb
 bounds [0x00000195196b0000, 0x0000019519920000, 0x0000019520be0000]
CodeHeap 'non-nmethods': size=5760Kb used=1263Kb max_used=1281Kb free=4496Kb
 bounds [0x0000019520be0000, 0x0000019520e50000, 0x0000019521180000]
 total_blobs=1750 nmethods=1160 adapters=503
 compilation: enabled
              stopped_count=0, restarted_count=0
 full_count=0

Compilation events (20 events):
Event: 116.818 Thread 0x000001952f85ede0 nmethod 1151 0x00000195211cce90 code [0x00000195211cd020, 0x00000195211cd108]
Event: 116.828 Thread 0x000001952f85f6f0 1152       3       sun.awt.NullComponentPeer::handleEvent (1 bytes)
Event: 116.828 Thread 0x000001952f85f6f0 nmethod 1152 0x00000195198a3d90 code [0x00000195198a3f20, 0x00000195198a4038]
Event: 117.397 Thread 0x000001952f85ede0 1153       4       java.security.AccessController::getContext (23 bytes)
Event: 117.402 Thread 0x000001952f85ede0 nmethod 1153 0x00000195211cd210 code [0x00000195211cd3c0, 0x00000195211cd6f8]
Event: 117.534 Thread 0x000001952f85ede0 1154       4       jdk.internal.logger.AbstractLoggerWrapper::isLoggable (26 bytes)
Event: 117.544 Thread 0x000001952f85ede0 nmethod 1154 0x00000195211cdb10 code [0x00000195211cdce0, 0x00000195211ce5f0]
Event: 118.141 Thread 0x000001952f85ede0 1155       4       java.awt.EventQueue::eventToCacheIndex (80 bytes)
Event: 118.143 Thread 0x000001952f85ede0 nmethod 1155 0x00000195211ce990 code [0x00000195211ceb20, 0x00000195211cebf8]
Event: 120.469 Thread 0x000001952f85f6f0 1156       1       java.util.Collections$EmptyList::isEmpty (2 bytes)
Event: 120.469 Thread 0x000001952f85f6f0 nmethod 1156 0x00000195211ced10 code [0x00000195211ceea0, 0x00000195211cef78]
Event: 120.471 Thread 0x000001952f85f6f0 1157       3       java.util.IdentityHashMap::clear (39 bytes)
Event: 120.472 Thread 0x000001952f85f6f0 nmethod 1157 0x00000195198a4110 code [0x00000195198a42c0, 0x00000195198a4618]
Event: 1058.710 Thread 0x000001952f85f6f0 1158       3       java.lang.Float::isNaN (12 bytes)
Event: 1058.710 Thread 0x000001952f85f6f0 nmethod 1158 0x00000195198a4710 code [0x00000195198a48a0, 0x00000195198a4a18]
Event: 1058.718 Thread 0x000001952f85ede0 1159       4       java.util.Arrays::binarySearch0 (95 bytes)
Event: 1058.721 Thread 0x000001952f85ede0 nmethod 1159 0x00000195211cf010 code [0x00000195211cf1a0, 0x00000195211cf3b8]
Event: 1058.947 Thread 0x000001952f85ede0 1160   !   4       sun.awt.PostEventQueue::flush (168 bytes)
Event: 1058.947 Thread 0x000001952f85f6f0 1161   !   3       java.awt.Component::firePropertyChange (59 bytes)
Event: 1058.947 Thread 0x000001952f85f6f0 nmethod 1161 0x00000195198a4a90 code [0x00000195198a4c60, 0x00000195198a5198]

GC Heap History (0 events):
No events

Dll operation events (7 events):
Event: 0.016 Loaded shared library C:\Users\Alex(admin haha)\.p2\pool\plugins\org.eclipse.justj.openjdk.hotspot.jre.full.win32.x86_64_17.0.9.v20231028-0858\jre\bin\java.dll
Event: 0.133 Loaded shared library C:\Users\Alex(admin haha)\.p2\pool\plugins\org.eclipse.justj.openjdk.hotspot.jre.full.win32.x86_64_17.0.9.v20231028-0858\jre\bin\net.dll
Event: 0.135 Loaded shared library C:\Users\Alex(admin haha)\.p2\pool\plugins\org.eclipse.justj.openjdk.hotspot.jre.full.win32.x86_64_17.0.9.v20231028-0858\jre\bin\nio.dll
Event: 0.199 Loaded shared library C:\Users\Alex(admin haha)\.p2\pool\plugins\org.eclipse.justj.openjdk.hotspot.jre.full.win32.x86_64_17.0.9.v20231028-0858\jre\bin\jimage.dll
Event: 0.205 Loaded shared library C:\Users\Alex(admin haha)\.p2\pool\plugins\org.eclipse.justj.openjdk.hotspot.jre.full.win32.x86_64_17.0.9.v20231028-0858\jre\bin\awt.dll
Event: 0.387 Loaded shared library C:\Users\Alex(admin haha)\.p2\pool\plugins\org.eclipse.justj.openjdk.hotspot.jre.full.win32.x86_64_17.0.9.v20231028-0858\jre\bin\freetype.dll
Event: 0.388 Loaded shared library C:\Users\Alex(admin haha)\.p2\pool\plugins\org.eclipse.justj.openjdk.hotspot.jre.full.win32.x86_64_17.0.9.v20231028-0858\jre\bin\fontmanager.dll

Deoptimization events (20 events):
Event: 0.175 Thread 0x0000019515fd6da0 Uncommon trap: trap_request=0xffffff45 fr.pc=0x00000195211884f4 relative=0x0000000000000074
Event: 0.175 Thread 0x0000019515fd6da0 Uncommon trap: reason=unstable_if action=reinterpret pc=0x00000195211884f4 method=java.lang.String.isLatin1()Z @ 10 c2
Event: 0.175 Thread 0x0000019515fd6da0 DEOPT PACKING pc=0x00000195211884f4 sp=0x0000003b59efec90
Event: 0.175 Thread 0x0000019515fd6da0 DEOPT UNPACKING pc=0x0000019520c369a3 sp=0x0000003b59efebd0 mode 2
Event: 0.406 Thread 0x0000019515fd6da0 DEOPT PACKING pc=0x00000195196c0be7 sp=0x0000003b59efcc40
Event: 0.406 Thread 0x0000019515fd6da0 DEOPT UNPACKING pc=0x0000019520c37143 sp=0x0000003b59efc060 mode 0
Event: 0.409 Thread 0x0000019515fd6da0 Uncommon trap: trap_request=0xffffff45 fr.pc=0x000001952118c7d0 relative=0x0000000000000870
Event: 0.409 Thread 0x0000019515fd6da0 Uncommon trap: reason=unstable_if action=reinterpret pc=0x000001952118c7d0 method=java.util.HashMap.putVal(ILjava/lang/Object;Ljava/lang/Object;ZZ)Ljava/lang/Object; @ 181 c2
Event: 0.409 Thread 0x0000019515fd6da0 DEOPT PACKING pc=0x000001952118c7d0 sp=0x0000003b59efde80
Event: 0.409 Thread 0x0000019515fd6da0 DEOPT UNPACKING pc=0x0000019520c369a3 sp=0x0000003b59efde30 mode 2
Event: 1.614 Thread 0x00000195341a0160 DEOPT PACKING pc=0x00000195196bc6d1 sp=0x0000003b5b5fccf0
Event: 1.614 Thread 0x00000195341a0160 DEOPT UNPACKING pc=0x0000019520c37143 sp=0x0000003b5b5fc168 mode 0
Event: 20.681 Thread 0x00000195341a0160 Uncommon trap: trap_request=0xffffff45 fr.pc=0x00000195211b839c relative=0x000000000000009c
Event: 20.681 Thread 0x00000195341a0160 Uncommon trap: reason=unstable_if action=reinterpret pc=0x00000195211b839c method=java.awt.Component.inside(II)Z @ 1 c2
Event: 20.681 Thread 0x00000195341a0160 DEOPT PACKING pc=0x00000195211b839c sp=0x0000003b5b5fea00
Event: 20.681 Thread 0x00000195341a0160 DEOPT UNPACKING pc=0x0000019520c369a3 sp=0x0000003b5b5fe8a0 mode 2
Event: 1058.710 Thread 0x00000195341a0160 Uncommon trap: trap_request=0xffffff45 fr.pc=0x00000195211ceb78 relative=0x0000000000000058
Event: 1058.710 Thread 0x00000195341a0160 Uncommon trap: reason=unstable_if action=reinterpret pc=0x00000195211ceb78 method=java.awt.EventQueue.eventToCacheIndex(Ljava/awt/AWTEvent;)I @ 71 c2
Event: 1058.710 Thread 0x00000195341a0160 DEOPT PACKING pc=0x00000195211ceb78 sp=0x0000003b5b5fe770
Event: 1058.710 Thread 0x00000195341a0160 DEOPT UNPACKING pc=0x0000019520c369a3 sp=0x0000003b5b5fe710 mode 2

Classes unloaded (0 events):
No events

Classes redefined (0 events):
No events

Internal exceptions (15 events):
Event: 0.148 Thread 0x0000019515fd6da0 Exception <a 'java/lang/NoSuchMethodError'{0x00000000894273a8}: 'void java.lang.invoke.DirectMethodHandle$Holder.invokeVirtual(java.lang.Object, java.lang.Object)'> (0x00000000894273a8) 
thrown [s\src\hotspot\share\interpreter\linkResolver.cpp, line 759]
Event: 0.190 Thread 0x0000019515fd6da0 Exception <a 'java/lang/ClassNotFoundException'{0x00000000894caee0}: sun/awt/resources/spi/awtProvider> (0x00000000894caee0) 
thrown [s\src\hotspot\share\classfile\systemDictionary.cpp, line 256]
Event: 0.218 Thread 0x0000019515fd6da0 Exception <a 'java/io/FileNotFoundException'{0x0000000089320a78}> (0x0000000089320a78) 
thrown [s\src\hotspot\share\prims\jni.cpp, line 516]
Event: 0.224 Thread 0x0000019515fd6da0 Exception <a 'java/io/FileNotFoundException'{0x000000008934dd78}> (0x000000008934dd78) 
thrown [s\src\hotspot\share\prims\jni.cpp, line 516]
Event: 0.234 Thread 0x0000019515fd6da0 Exception <a 'sun/nio/fs/WindowsException'{0x000000008935c270}> (0x000000008935c270) 
thrown [s\src\hotspot\share\prims\jni.cpp, line 516]
Event: 0.274 Thread 0x0000019515fd6da0 Exception <a 'java/lang/NoSuchMethodError'{0x0000000089394988}: 'java.lang.Object java.lang.invoke.DirectMethodHandle$Holder.invokeStaticInit(java.lang.Object)'> (0x0000000089394988) 
thrown [s\src\hotspot\share\interpreter\linkResolver.cpp, line 759]
Event: 0.312 Thread 0x0000019515fd6da0 Exception <a 'java/lang/NoSuchMethodError'{0x00000000892161b8}: 'void java.lang.invoke.DirectMethodHandle$Holder.invokeSpecial(java.lang.Object, java.lang.Object, java.lang.Object)'> (0x00000000892161b8) 
thrown [s\src\hotspot\share\interpreter\linkResolver.cpp, line 759]
Event: 0.320 Thread 0x0000019515fd6da0 Exception <a 'java/lang/NoSuchMethodError'{0x0000000089240250}: 'java.lang.Object java.lang.invoke.DirectMethodHandle$Holder.newInvokeSpecial(java.lang.Object, java.lang.Object, java.lang.Object, java.lang.Object, java.lang.Object)'> (0x0000000089240250) 
thrown [s\src\hotspot\share\interpreter\linkResolver.cpp, line 759]
Event: 0.321 Thread 0x0000019515fd6da0 Exception <a 'java/lang/NoSuchMethodError'{0x000000008924be58}: 'java.lang.Object java.lang.invoke.DirectMethodHandle$Holder.invokeStatic(java.lang.Object, int, java.lang.Object, java.lang.Object, java.lang.Object, java.lang.Object)'> (0x000000008924be58) 
thrown [s\src\hotspot\share\interpreter\linkResolver.cpp, line 759]
Event: 0.326 Thread 0x0000019515fd6da0 Exception <a 'java/lang/NoSuchMethodError'{0x0000000089271618}: 'java.lang.Object java.lang.invoke.DirectMethodHandle$Holder.invokeStatic(java.lang.Object, int, java.lang.Object)'> (0x0000000089271618) 
thrown [s\src\hotspot\share\interpreter\linkResolver.cpp, line 759]
Event: 0.348 Thread 0x0000019515fd6da0 Exception <a 'java/lang/ClassNotFoundException'{0x0000000089129568}: com/sun/swing/internal/plaf/metal/resources/spi/metalProvider> (0x0000000089129568) 
thrown [s\src\hotspot\share\classfile\systemDictionary.cpp, line 256]
Event: 0.349 Thread 0x0000019515fd6da0 Exception <a 'java/lang/ClassNotFoundException'{0x000000008912d410}: com/sun/swing/internal/plaf/basic/resources/spi/basicProvider> (0x000000008912d410) 
thrown [s\src\hotspot\share\classfile\systemDictionary.cpp, line 256]
Event: 0.449 Thread 0x0000019515fd6da0 Exception <a 'java/lang/NoSuchMethodError'{0x0000000089018828}: 'void java.lang.invoke.DirectMethodHandle$Holder.invokeStaticInit(java.lang.Object)'> (0x0000000089018828) 
thrown [s\src\hotspot\share\interpreter\linkResolver.cpp, line 759]
Event: 0.461 Thread 0x0000019515fd6da0 Exception <a 'sun/nio/fs/WindowsException'{0x0000000089046658}> (0x0000000089046658) 
thrown [s\src\hotspot\share\prims\jni.cpp, line 516]
Event: 1058.699 Thread 0x00000195340b7fb0 Exception <a 'java/lang/InternalError'{0x0000000088e3b9e0}: Could not update the devices array.> (0x0000000088e3b9e0) 
thrown [s\src\hotspot\share\prims\jni.cpp, line 535]

VM Operations (20 events):
Event: 6.579 Executing VM operation: Cleanup
Event: 6.579 Executing VM operation: Cleanup done
Event: 13.648 Executing VM operation: Cleanup
Event: 13.648 Executing VM operation: Cleanup done
Event: 14.658 Executing VM operation: Cleanup
Event: 14.658 Executing VM operation: Cleanup done
Event: 19.718 Executing VM operation: Cleanup
Event: 19.718 Executing VM operation: Cleanup done
Event: 20.733 Executing VM operation: Cleanup
Event: 20.733 Executing VM operation: Cleanup done
Event: 21.736 Executing VM operation: Cleanup
Event: 21.736 Executing VM operation: Cleanup done
Event: 60.097 Executing VM operation: HandshakeAllThreads
Event: 60.097 Executing VM operation: HandshakeAllThreads done
Event: 117.690 Executing VM operation: Cleanup
Event: 117.690 Executing VM operation: Cleanup done
Event: 120.261 Executing VM operation: HandshakeAllThreads
Event: 120.261 Executing VM operation: HandshakeAllThreads done
Event: 121.272 Executing VM operation: Cleanup
Event: 121.272 Executing VM operation: Cleanup done

Events (20 events):
Event: 1.638 loading class java/time/temporal/TemporalUnit done
Event: 1.638 loading class java/time/temporal/ChronoUnit done
Event: 1.638 loading class java/time/Duration
Event: 1.638 loading class java/time/temporal/TemporalAmount
Event: 1.638 loading class java/time/temporal/TemporalAmount done
Event: 1.638 loading class java/time/Duration done
Event: 1.638 loading class java/math/BigInteger
Event: 1.639 loading class java/math/BigInteger done
Event: 2.143 loading class javax/swing/Timer$1
Event: 2.143 loading class javax/swing/Timer$1 done
Event: 2.989 loading class java/awt/LightweightDispatcher$2
Event: 2.989 loading class java/awt/LightweightDispatcher$2 done
Event: 1058.703 loading class java/util/Collections$SynchronizedSet
Event: 1058.707 loading class java/util/Collections$SynchronizedSet done
Event: 1058.707 loading class java/util/WeakHashMap$KeyIterator
Event: 1058.709 loading class java/util/WeakHashMap$HashIterator
Event: 1058.709 loading class java/util/WeakHashMap$HashIterator done
Event: 1058.709 loading class java/util/WeakHashMap$KeyIterator done
Event: 1058.710 loading class javax/swing/RepaintManager$DisplayChangedRunnable
Event: 1058.710 loading class javax/swing/RepaintManager$DisplayChangedRunnable done


Dynamic libraries:
0x00007ff761e30000 - 0x00007ff761e3e000 	C:\Users\Alex(admin haha)\.p2\pool\plugins\org.eclipse.justj.openjdk.hotspot.jre.full.win32.x86_64_17.0.9.v20231028-0858\jre\bin\javaw.exe
0x00007ffb5e6b0000 - 0x00007ffb5e8a8000 	C:\WINDOWS\SYSTEM32\ntdll.dll
0x00007ffb5de90000 - 0x00007ffb5df4f000 	C:\WINDOWS\System32\KERNEL32.DLL
0x00007ffb5c250000 - 0x00007ffb5c546000 	C:\WINDOWS\System32\KERNELBASE.dll
0x00007ffb5c580000 - 0x00007ffb5c680000 	C:\WINDOWS\System32\ucrtbase.dll
0x00007ffb50c00000 - 0x00007ffb50c17000 	C:\Users\Alex(admin haha)\.p2\pool\plugins\org.eclipse.justj.openjdk.hotspot.jre.full.win32.x86_64_17.0.9.v20231028-0858\jre\bin\jli.dll
0x00007ffb5dcf0000 - 0x00007ffb5de8d000 	C:\WINDOWS\System32\USER32.dll
0x00007ffb5c220000 - 0x00007ffb5c242000 	C:\WINDOWS\System32\win32u.dll
0x00007ffb5c990000 - 0x00007ffb5c9bc000 	C:\WINDOWS\System32\GDI32.dll
0x00007ffb5c060000 - 0x00007ffb5c175000 	C:\WINDOWS\System32\gdi32full.dll
0x00007ffb5c180000 - 0x00007ffb5c21d000 	C:\WINDOWS\System32\msvcp_win.dll
0x00007ffb50ad0000 - 0x00007ffb50aeb000 	C:\Users\Alex(admin haha)\.p2\pool\plugins\org.eclipse.justj.openjdk.hotspot.jre.full.win32.x86_64_17.0.9.v20231028-0858\jre\bin\VCRUNTIME140.dll
0x00007ffb521c0000 - 0x00007ffb5245a000 	C:\WINDOWS\WinSxS\amd64_microsoft.windows.common-controls_6595b64144ccf1df_6.0.19041.1110_none_60b5254171f9507e\COMCTL32.dll
0x00007ffb5d750000 - 0x00007ffb5d7ee000 	C:\WINDOWS\System32\msvcrt.dll
0x00007ffb5c710000 - 0x00007ffb5c740000 	C:\WINDOWS\System32\IMM32.DLL
0x00007ffb573e0000 - 0x00007ffb573ec000 	C:\Users\Alex(admin haha)\.p2\pool\plugins\org.eclipse.justj.openjdk.hotspot.jre.full.win32.x86_64_17.0.9.v20231028-0858\jre\bin\vcruntime140_1.dll
0x00007ffb46950000 - 0x00007ffb469dd000 	C:\Users\Alex(admin haha)\.p2\pool\plugins\org.eclipse.justj.openjdk.hotspot.jre.full.win32.x86_64_17.0.9.v20231028-0858\jre\bin\msvcp140.dll
0x00007ffae3940000 - 0x00007ffae45a1000 	C:\Users\Alex(admin haha)\.p2\pool\plugins\org.eclipse.justj.openjdk.hotspot.jre.full.win32.x86_64_17.0.9.v20231028-0858\jre\bin\server\jvm.dll
0x00007ffb5caf0000 - 0x00007ffb5cb9f000 	C:\WINDOWS\System32\ADVAPI32.dll
0x00007ffb5e310000 - 0x00007ffb5e3ac000 	C:\WINDOWS\System32\sechost.dll
0x00007ffb5c9c0000 - 0x00007ffb5cae6000 	C:\WINDOWS\System32\RPCRT4.dll
0x00007ffb5bc00000 - 0x00007ffb5bc4b000 	C:\WINDOWS\SYSTEM32\POWRPROF.dll
0x00007ffb32d10000 - 0x00007ffb32d19000 	C:\WINDOWS\SYSTEM32\WSOCK32.dll
0x00007ffb5d6e0000 - 0x00007ffb5d74b000 	C:\WINDOWS\System32\WS2_32.dll
0x00007ffb52b00000 - 0x00007ffb52b27000 	C:\WINDOWS\SYSTEM32\WINMM.dll
0x00007ffb514a0000 - 0x00007ffb514aa000 	C:\WINDOWS\SYSTEM32\VERSION.dll
0x00007ffb5bbe0000 - 0x00007ffb5bbf2000 	C:\WINDOWS\SYSTEM32\UMPDC.dll
0x00007ffb59c60000 - 0x00007ffb59c72000 	C:\WINDOWS\SYSTEM32\kernel.appcore.dll
0x00007ffb4f420000 - 0x00007ffb4f42a000 	C:\Users\Alex(admin haha)\.p2\pool\plugins\org.eclipse.justj.openjdk.hotspot.jre.full.win32.x86_64_17.0.9.v20231028-0858\jre\bin\jimage.dll
0x00007ffb46190000 - 0x00007ffb46374000 	C:\WINDOWS\SYSTEM32\DBGHELP.DLL
0x00007ffb46150000 - 0x00007ffb46184000 	C:\WINDOWS\SYSTEM32\dbgcore.DLL
0x00007ffb5c680000 - 0x00007ffb5c702000 	C:\WINDOWS\System32\bcryptPrimitives.dll
0x00007ffb48060000 - 0x00007ffb48085000 	C:\Users\Alex(admin haha)\.p2\pool\plugins\org.eclipse.justj.openjdk.hotspot.jre.full.win32.x86_64_17.0.9.v20231028-0858\jre\bin\java.dll
0x00007ffb4b200000 - 0x00007ffb4b218000 	C:\Users\Alex(admin haha)\.p2\pool\plugins\org.eclipse.justj.openjdk.hotspot.jre.full.win32.x86_64_17.0.9.v20231028-0858\jre\bin\zip.dll
0x00007ffb5cee0000 - 0x00007ffb5d624000 	C:\WINDOWS\System32\SHELL32.dll
0x00007ffb59e60000 - 0x00007ffb5a5f3000 	C:\WINDOWS\SYSTEM32\windows.storage.dll
0x00007ffb5df50000 - 0x00007ffb5e2a4000 	C:\WINDOWS\System32\combase.dll
0x00007ffb5b700000 - 0x00007ffb5b72e000 	C:\WINDOWS\SYSTEM32\Wldp.dll
0x00007ffb5cba0000 - 0x00007ffb5cc4d000 	C:\WINDOWS\System32\SHCORE.dll
0x00007ffb5e610000 - 0x00007ffb5e665000 	C:\WINDOWS\System32\shlwapi.dll
0x00007ffb5bcd0000 - 0x00007ffb5bcef000 	C:\WINDOWS\SYSTEM32\profapi.dll
0x00007ffb59610000 - 0x00007ffb59629000 	C:\Users\Alex(admin haha)\.p2\pool\plugins\org.eclipse.justj.openjdk.hotspot.jre.full.win32.x86_64_17.0.9.v20231028-0858\jre\bin\net.dll
0x00007ffb56bd0000 - 0x00007ffb56cda000 	C:\WINDOWS\SYSTEM32\WINHTTP.dll
0x00007ffb5b460000 - 0x00007ffb5b4ca000 	C:\WINDOWS\system32\mswsock.dll
0x00007ffb50bd0000 - 0x00007ffb50be6000 	C:\Users\Alex(admin haha)\.p2\pool\plugins\org.eclipse.justj.openjdk.hotspot.jre.full.win32.x86_64_17.0.9.v20231028-0858\jre\bin\nio.dll
0x00007ffb2d7d0000 - 0x00007ffb2d960000 	C:\Users\Alex(admin haha)\.p2\pool\plugins\org.eclipse.justj.openjdk.hotspot.jre.full.win32.x86_64_17.0.9.v20231028-0858\jre\bin\awt.dll
0x00007ffb5c8c0000 - 0x00007ffb5c98d000 	C:\WINDOWS\System32\OLEAUT32.dll
0x00007ffb59680000 - 0x00007ffb59711000 	C:\WINDOWS\SYSTEM32\apphelp.dll
0x00007ffb59b50000 - 0x00007ffb59b7f000 	C:\WINDOWS\system32\DWMAPI.DLL
0x00007ffb59790000 - 0x00007ffb5982e000 	C:\WINDOWS\system32\uxtheme.dll
0x00007ffb39e00000 - 0x00007ffb39f25000 	C:\WINDOWS\system32\opengl32.dll
0x00007ffb3ad30000 - 0x00007ffb3ad5c000 	C:\WINDOWS\SYSTEM32\GLU32.dll
0x00007ffb5e3c0000 - 0x00007ffb5e4d4000 	C:\WINDOWS\System32\MSCTF.dll
0x00007ffb37f10000 - 0x00007ffb37f4f000 	C:\Program Files\ASUS\Bluetooth Software\btmmhook.dll
0x00007ffb5e4e0000 - 0x00007ffb5e60a000 	C:\WINDOWS\System32\ole32.dll
0x00007ffb5e3b0000 - 0x00007ffb5e3b8000 	C:\WINDOWS\System32\PSAPI.DLL
0x00007ffb45d90000 - 0x00007ffb45e18000 	C:\Users\Alex(admin haha)\.p2\pool\plugins\org.eclipse.justj.openjdk.hotspot.jre.full.win32.x86_64_17.0.9.v20231028-0858\jre\bin\freetype.dll
0x00007ffb45b80000 - 0x00007ffb45c53000 	C:\Users\Alex(admin haha)\.p2\pool\plugins\org.eclipse.justj.openjdk.hotspot.jre.full.win32.x86_64_17.0.9.v20231028-0858\jre\bin\fontmanager.dll
0x00007ffb5d630000 - 0x00007ffb5d6d9000 	C:\WINDOWS\System32\clbcatq.dll
0x00007ffb56190000 - 0x00007ffb56344000 	C:\WINDOWS\SYSTEM32\WindowsCodecs.dll
0x00007ffb5c550000 - 0x00007ffb5c577000 	C:\WINDOWS\System32\bcrypt.dll
0x00007ffb3c120000 - 0x00007ffb3c15e000 	C:\WINDOWS\system32\dataexchange.dll
0x00007ffb57d70000 - 0x00007ffb57fd3000 	C:\WINDOWS\system32\d3d11.dll
0x00007ffb58a50000 - 0x00007ffb58c33000 	C:\WINDOWS\system32\dcomp.dll
0x00007ffb5a640000 - 0x00007ffb5a733000 	C:\WINDOWS\system32\dxgi.dll
0x00007ffb56660000 - 0x00007ffb56867000 	C:\WINDOWS\system32\twinapi.appcore.dll
0x00007ffb4cdd0000 - 0x00007ffb4cec9000 	C:\WINDOWS\SYSTEM32\textinputframework.dll
0x00007ffb59010000 - 0x00007ffb5936e000 	C:\WINDOWS\System32\CoreUIComponents.dll
0x00007ffb59370000 - 0x00007ffb59462000 	C:\WINDOWS\System32\CoreMessaging.dll
0x00007ffb5aea0000 - 0x00007ffb5aed3000 	C:\WINDOWS\SYSTEM32\ntmarta.dll
0x00007ffb57c10000 - 0x00007ffb57d64000 	C:\WINDOWS\SYSTEM32\wintypes.dll

dbghelp: loaded successfully - version: 4.0.5 - missing functions: none
symbol engine: initialized successfully - sym options: 0x614 - pdb path: .;C:\Users\Alex(admin haha)\.p2\pool\plugins\org.eclipse.justj.openjdk.hotspot.jre.full.win32.x86_64_17.0.9.v20231028-0858\jre\bin;C:\WINDOWS\SYSTEM32;C:\WINDOWS\WinSxS\amd64_microsoft.windows.common-controls_6595b64144ccf1df_6.0.19041.1110_none_60b5254171f9507e;C:\Users\Alex(admin haha)\.p2\pool\plugins\org.eclipse.justj.openjdk.hotspot.jre.full.win32.x86_64_17.0.9.v20231028-0858\jre\bin\server;C:\Program Files\ASUS\Bluetooth Software

VM Arguments:
jvm_args: -Dfile.encoding=UTF-8 -Dstdout.encoding=UTF-8 -Dstderr.encoding=UTF-8 --module-path=C:\Users\Alex(admin haha)\final-project\finalProject\bin -XX:+ShowCodeDetailsInExceptionMessages -Djdk.module.main=finalProject 
java_command: finalProject/finalProject.Game
java_class_path (initial): <not set>
Launcher Type: SUN_STANDARD

[Global flags]
     intx CICompilerCount                          = 3                                         {product} {ergonomic}
     uint ConcGCThreads                            = 1                                         {product} {ergonomic}
     uint G1ConcRefinementThreads                  = 4                                         {product} {ergonomic}
   size_t G1HeapRegionSize                         = 1048576                                   {product} {ergonomic}
    uintx GCDrainStackTargetSize                   = 64                                        {product} {ergonomic}
   size_t InitialHeapSize                          = 134217728                                 {product} {ergonomic}
   size_t MarkStackSize                            = 4194304                                   {product} {ergonomic}
   size_t MaxHeapSize                              = 2124414976                                {product} {ergonomic}
   size_t MaxNewSize                               = 1274019840                                {product} {ergonomic}
   size_t MinHeapDeltaBytes                        = 1048576                                   {product} {ergonomic}
   size_t MinHeapSize                              = 8388608                                   {product} {ergonomic}
    uintx NonNMethodCodeHeapSize                   = 5832780                                {pd product} {ergonomic}
    uintx NonProfiledCodeHeapSize                  = 122912730                              {pd product} {ergonomic}
    uintx ProfiledCodeHeapSize                     = 122912730                              {pd product} {ergonomic}
    uintx ReservedCodeCacheSize                    = 251658240                              {pd product} {ergonomic}
     bool SegmentedCodeCache                       = true                                      {product} {ergonomic}
     bool ShowCodeDetailsInExceptionMessages       = true                                   {manageable} {command line}
   size_t SoftMaxHeapSize                          = 2124414976                             {manageable} {ergonomic}
     bool UseCompressedClassPointers               = true                           {product lp64_product} {ergonomic}
     bool UseCompressedOops                        = true                           {product lp64_product} {ergonomic}
     bool UseG1GC                                  = true                                      {product} {ergonomic}
     bool UseLargePagesIndividualAllocation        = false                                  {pd product} {ergonomic}

Logging:
Log output configuration:
 #0: stdout all=warning uptime,level,tags
 #1: stderr all=off uptime,level,tags

Environment Variables:
PATH=C:/Users/Alex(admin haha)/.p2/pool/plugins/org.eclipse.justj.openjdk.hotspot.jre.full.win32.x86_64_17.0.9.v20231028-0858/jre/bin/server;C:/Users/Alex(admin haha)/.p2/pool/plugins/org.eclipse.justj.openjdk.hotspot.jre.full.win32.x86_64_17.0.9.v20231028-0858/jre/bin;C:\Program Files\Common Files\Oracle\Java\javapath;C:\Program Files (x86)\Common Files\Oracle\Java\javapath;C:\WINDOWS\system32;C:\WINDOWS;C:\WINDOWS\System32\Wbem;C:\WINDOWS\System32\WindowsPowerShell\v1.0\;C:\WINDOWS\System32\OpenSSH\;C:\Program Files\ASUS\Bluetooth Software\;C:\Program Files\ASUS\Bluetooth Software\syswow64;C:\Users\Alex(admin haha)\AppData\Local\Microsoft\WindowsApps;C:\Users\Alex(admin haha)\AppData\Local\Programs\Microsoft VS Code\bin;C:\Users\Alex(admin haha)\AppData\Local\GitHubDesktop\bin;C:\WINDOWS\system32;
USERNAME=Alex(admin haha)
OS=Windows_NT
PROCESSOR_IDENTIFIER=Intel64 Family 6 Model 60 Stepping 3, GenuineIntel
TMP=C:\Users\ALEX(A~1\AppData\Local\Temp
TEMP=C:\Users\ALEX(A~1\AppData\Local\Temp



Periodic native trim disabled


---------------  S Y S T E M  ---------------

OS:
 Windows 10 , 64 bit Build 19041 (10.0.19041.3031)
OS uptime: 9 days 8:04 hours

CPU: total 4 (initial active 4) (4 cores per cpu, 1 threads per core) family 6 model 60 stepping 3 microcode 0x27, cx8, cmov, fxsr, mmx, sse, sse2, sse3, ssse3, sse4.1, sse4.2, popcnt, lzcnt, tsc, tscinvbit, avx, avx2, aes, erms, clmul, bmi1, bmi2, fma, vzeroupper, clflush
Processor Information for all 4 processors :
  Max Mhz: 3201, Current Mhz: 3201, Mhz Limit: 3201

Memory: 4k page, system-wide physical 8103M (1287M free)
TotalPageFile size 32679M (AvailPageFile size 1M)
current process WorkingSet (physical memory assigned to process): 72M, peak: 72M
current process commit charge ("private bytes"): 218M, peak: 219M

vm_info: OpenJDK 64-Bit Server VM (17.0.9+9) for windows-amd64 JRE (17.0.9+9), built on Oct 26 2023 14:01:42 by "admin" with MS VC++ 16.10 / 16.11 (VS2019)

END.
